#
# A fatal error has been detected by the Java Runtime Environment:
#
#  SIGSEGV (0xb) at pc=0x00000000, pid=5303, tid=3076060864
#
# JRE version: 6.0_27-b27
# Java VM: OpenJDK Client VM (20.0-b12 mixed mode, sharing linux-x86 )
# Derivative: IcedTea6 1.12.3
# Distribution: Ubuntu 12.04 LTS, package 6b27-1.12.3-0ubuntu1~12.04.1
# Problematic frame:
# C  0x00000000
#
# If you would like to submit a bug report, please include
# instructions how to reproduce the bug and visit:
#   https://bugs.launchpad.net/ubuntu/+source/openjdk-6/
# The crash happened outside the Java Virtual Machine in native code.
# See problematic frame for where to report the bug.
#

---------------  T H R E A D  ---------------

Current thread (0x08da2c00):  JavaThread "main" [_thread_in_native, id=5303, stack(0xbfac2000,0xbfb12000)]

siginfo:si_signo=SIGSEGV: si_errno=0, si_code=1 (SEGV_MAPERR), si_addr=0x00000000

Registers:
EAX=0x0929b860, EBX=0xb05b4ff4, ECX=0x00000003, EDX=0x0929e980
ESP=0xbfb0ffcc, EBP=0x08d9a6b8, ESI=0x0928c7b0, EDI=0x0929eca0
EIP=0x00000000, EFLAGS=0x00210202, CR2=0x00000000

Top of Stack: (sp=0xbfb0ffcc)
0xbfb0ffcc:   af1c70ad 0929eca0 b72b13f6 b7322ff4
0xbfb0ffdc:   b7748cbf b05b4ff4 08fe1e00 00000003
0xbfb0ffec:   af1c710b 0928c7b0 00000002 00000002
0xbfb0fffc:   b7749c39 0000000f af1c70f6 b7322ff4
0xbfb1000c:   b7272a7f 0928c7b0 08fe1e00 00000003
0xbfb1001c:   b72b1410 08d3db28 00000000 b774d9f2
0xbfb1002c:   b7322ff4 08fe1e00 00000003 08d9a6b8
0xbfb1003c:   b7271d86 08fe1e00 af1c70f0 0928c7b0 

Instructions: (pc=0x00000000)
0xffffffe0:   

Register to memory mapping:

EAX=0x0929b860 is an unknown value
EBX=0xb05b4ff4: <offset 0x1562ff4> in /usr/lib/libwebkitgtk-1.0.so.0 at 0xaf052000
ECX=0x00000003 is an unknown value
EDX=0x0929e980 is an unknown value
ESP=0xbfb0ffcc is pointing into the stack for thread: 0x08da2c00
EBP=0x08d9a6b8 is an unknown value
ESI=0x0928c7b0 is an unknown value
EDI=0x0929eca0 is an unknown value


Stack: [0xbfac2000,0xbfb12000],  sp=0xbfb0ffcc,  free space=311k
Java frames: (J=compiled Java code, j=interpreted, Vv=VM code)
J  org.eclipse.swt.internal.gtk.OS._g_main_context_iteration(IZ)Z
J  org.eclipse.swt.internal.gtk.OS.g_main_context_iteration(IZ)Z
j  org.eclipse.swt.widgets.Display.readAndDispatch()Z+36
j  org.eclipse.ui.internal.Workbench.runEventLoop(Lorg/eclipse/jface/window/Window$IExceptionHandler;Lorg/eclipse/swt/widgets/Display;)V+9
j  org.eclipse.ui.internal.Workbench.runUI()I+555
j  org.eclipse.ui.internal.Workbench.access$4(Lorg/eclipse/ui/internal/Workbench;)I+1
j  org.eclipse.ui.internal.Workbench$7.run()V+73
j  org.eclipse.core.databinding.observable.Realm.runWithDefault(Lorg/eclipse/core/databinding/observable/Realm;Ljava/lang/Runnable;)V+12
j  org.eclipse.ui.internal.Workbench.createAndRunWorkbench(Lorg/eclipse/swt/widgets/Display;Lorg/eclipse/ui/application/WorkbenchAdvisor;)I+18
j  org.eclipse.ui.PlatformUI.createAndRunWorkbench(Lorg/eclipse/swt/widgets/Display;Lorg/eclipse/ui/application/WorkbenchAdvisor;)I+2
j  org.eclipse.ui.internal.ide.application.IDEApplication.start(Lorg/eclipse/equinox/app/IApplicationContext;)Ljava/lang/Object;+108
j  org.eclipse.equinox.internal.app.EclipseAppHandle.run(Ljava/lang/Object;)Ljava/lang/Object;+135
j  org.eclipse.core.runtime.internal.adaptor.EclipseAppLauncher.runApplication(Ljava/lang/Object;)Ljava/lang/Object;+103
j  org.eclipse.core.runtime.internal.adaptor.EclipseAppLauncher.start(Ljava/lang/Object;)Ljava/lang/Object;+29
j  org.eclipse.core.runtime.adaptor.EclipseStarter.run(Ljava/lang/Object;)Ljava/lang/Object;+149
j  org.eclipse.core.runtime.adaptor.EclipseStarter.run([Ljava/lang/String;Ljava/lang/Runnable;)Ljava/lang/Object;+183
v  ~StubRoutines::call_stub
j  sun.reflect.NativeMethodAccessorImpl.invoke0(Ljava/lang/reflect/Method;Ljava/lang/Object;[Ljava/lang/Object;)Ljava/lang/Object;+0
j  sun.reflect.NativeMethodAccessorImpl.invoke(Ljava/lang/Object;[Ljava/lang/Object;)Ljava/lang/Object;+87
j  sun.reflect.DelegatingMethodAccessorImpl.invoke(Ljava/lang/Object;[Ljava/lang/Object;)Ljava/lang/Object;+6
j  java.lang.reflect.Method.invoke(Ljava/lang/Object;[Ljava/lang/Object;)Ljava/lang/Object;+161
j  org.eclipse.equinox.launcher.Main.invokeFramework([Ljava/lang/String;[Ljava/net/URL;)V+211
j  org.eclipse.equinox.launcher.Main.basicRun([Ljava/lang/String;)V+126
j  org.eclipse.equinox.launcher.Main.run([Ljava/lang/String;)I+4
v  ~StubRoutines::call_stub

---------------  P R O C E S S  ---------------

Java Threads: ( => current thread )
  0xb1803800 JavaThread "" [_thread_in_native, id=5374, stack(0xa99ef000,0xa9a40000)]
  0xb1804c00 JavaThread "" [_thread_in_native, id=5373, stack(0xa999e000,0xa99ef000)]
  0xb1802400 JavaThread "process reaper" daemon [_thread_in_native, id=5371, stack(0xa9a40000,0xa9a91000)]
  0xb213f000 JavaThread "Monitor" [_thread_in_native, id=5366, stack(0xa9a91000,0xa9ae2000)]
  0xb0f9f400 JavaThread "Thread-3" [_thread_blocked, id=5365, stack(0xa9ae2000,0xa9b33000)]
  0x092ec400 JavaThread "Bundle File Closer" daemon [_thread_blocked, id=5364, stack(0xa65ef000,0xa6640000)]
  0xb0f16c00 JavaThread "Worker-10" [_thread_blocked, id=5360, stack(0xa808f000,0xa80e0000)]
  0xb0f16800 JavaThread "Worker-9" [_thread_blocked, id=5359, stack(0xa80e0000,0xa8131000)]
  0x08f11400 JavaThread "Worker-8" [_thread_blocked, id=5358, stack(0xa8131000,0xa8182000)]
  0xb5c08c00 JavaThread "Worker-7" [_thread_in_native, id=5357, stack(0xa8182000,0xa81d3000)]
  0xb5203c00 JavaThread "Worker-6" [_thread_blocked, id=5356, stack(0xa81d3000,0xa8224000)]
  0xb211e000 JavaThread "Worker-5" [_thread_blocked, id=5355, stack(0xa8224000,0xa8275000)]
  0xb1105400 JavaThread "Worker-4" [_thread_blocked, id=5354, stack(0xa8275000,0xa82c6000)]
  0xb1d00c00 JavaThread "Worker-3" [_thread_blocked, id=5353, stack(0xa82c6000,0xa8317000)]
  0xb0f0e400 JavaThread "Worker-2" [_thread_blocked, id=5352, stack(0xb0b59000,0xb0baa000)]
  0x08fcf800 JavaThread "Worker-1" [_thread_blocked, id=5351, stack(0xb0bcb000,0xb0c1c000)]
  0x091e3800 JavaThread "Java indexing" daemon [_thread_blocked, id=5341, stack(0xb0629000,0xb067a000)]
  0x08f93800 JavaThread "Worker-0" [_thread_blocked, id=5338, stack(0xb12af000,0xb1300000)]
  0xb1345000 JavaThread "Worker-JM" [_thread_blocked, id=5337, stack(0xb120d000,0xb125e000)]
  0xb131b400 JavaThread "[Timer] - Main Queue Handler" daemon [_thread_blocked, id=5336, stack(0xb125e000,0xb12af000)]
  0xb1305800 JavaThread "Framework Event Dispatcher" daemon [_thread_blocked, id=5334, stack(0xb170d000,0xb175e000)]
  0x08e44400 JavaThread "Start Level Event Dispatcher" daemon [_thread_blocked, id=5333, stack(0xb175e000,0xb17af000)]
  0x08e1d000 JavaThread "State Data Manager" daemon [_thread_blocked, id=5332, stack(0xb17af000,0xb1800000)]
  0x08e55000 JavaThread "Framework Active Thread" [_thread_blocked, id=5331, stack(0xb1a2e000,0xb1a7f000)]
  0x08dd9000 JavaThread "Low Memory Detector" daemon [_thread_blocked, id=5329, stack(0xb1c2e000,0xb1c7f000)]
  0x08dd7000 JavaThread "C1 CompilerThread0" daemon [_thread_blocked, id=5328, stack(0xb1c7f000,0xb1d00000)]
  0x08dd5800 JavaThread "Signal Dispatcher" daemon [_thread_blocked, id=5327, stack(0xb200d000,0xb205e000)]
  0x08dd2000 JavaThread "Finalizer" daemon [_thread_blocked, id=5326, stack(0xb205e000,0xb20af000)]
  0x08dd0800 JavaThread "Reference Handler" daemon [_thread_blocked, id=5325, stack(0xb20af000,0xb2100000)]
=>0x08da2c00 JavaThread "main" [_thread_in_native, id=5303, stack(0xbfac2000,0xbfb12000)]

Other Threads:
  0x08dcec00 VMThread [stack: 0xb222d000,0xb22ae000] [id=5324]
  0x08de3400 WatcherThread [stack: 0xb1a7f000,0xb1b00000] [id=5330]

VM state:not at safepoint (normal execution)

VM Mutex/Monitor currently owned by a thread: None

Heap
 def new generation   total 12416K, used 12147K [0x6ab00000, 0x6b870000, 0x72b00000)
  eden space 11072K,  99% used [0x6ab00000, 0x6b5bd6d8, 0x6b5d0000)
  from space 1344K,  85% used [0x6b720000, 0x6b83f840, 0x6b870000)
  to   space 1344K,   0% used [0x6b5d0000, 0x6b5d0000, 0x6b720000)
 tenured generation   total 27328K, used 13380K [0x72b00000, 0x745b0000, 0x82b00000)
   the space 27328K,  48% used [0x72b00000, 0x73811070, 0x73811200, 0x745b0000)
 compacting perm gen  total 32768K, used 32578K [0x82b00000, 0x84b00000, 0x92b00000)
   the space 32768K,  99% used [0x82b00000, 0x84ad08a0, 0x84ad0a00, 0x84b00000)
    ro space 10240K,  73% used [0x92b00000, 0x93262e30, 0x93263000, 0x93500000)
    rw space 12288K,  60% used [0x93500000, 0x93c4b418, 0x93c4b600, 0x94100000)

Code Cache  [0xb2741000, 0xb29d1000, 0xb4741000)
 total_blobs=1195 nmethods=1011 adapters=119 free_code_cache=30884928 largest_free_block=192

Dynamic libraries:
08048000-0804c000 r-xp 00000000 08:06 35915852   /usr/lib/eclipse/eclipse
0804c000-0804d000 r--p 00003000 08:06 35915852   /usr/lib/eclipse/eclipse
0804d000-0804e000 rw-p 00004000 08:06 35915852   /usr/lib/eclipse/eclipse
08d1d000-09359000 rw-p 00000000 00:00 0          [heap]
6ab00000-6b870000 rw-p 00000000 00:00 0 
6b870000-72b00000 rw-p 00000000 00:00 0 
72b00000-745b0000 rw-p 00000000 00:00 0 
745b0000-82b00000 rw-p 00000000 00:00 0 
82b00000-84b00000 rw-p 00000000 00:00 0 
84b00000-92b00000 rw-p 00000000 00:00 0 
92b00000-93263000 r--s 00001000 08:06 35786652   /usr/lib/jvm/java-6-openjdk-i386/jre/lib/i386/client/classes.jsa
93263000-93500000 rw-p 00000000 00:00 0 
93500000-93c4c000 rw-p 00764000 08:06 35786652   /usr/lib/jvm/java-6-openjdk-i386/jre/lib/i386/client/classes.jsa
93c4c000-94100000 rw-p 00000000 00:00 0 
94100000-941fc000 rw-p 00eb0000 08:06 35786652   /usr/lib/jvm/java-6-openjdk-i386/jre/lib/i386/client/classes.jsa
941fc000-94500000 rw-p 00000000 00:00 0 
94500000-94508000 r-xs 00fac000 08:06 35786652   /usr/lib/jvm/java-6-openjdk-i386/jre/lib/i386/client/classes.jsa
94508000-94900000 rw-p 00000000 00:00 0 
a6311000-a6335000 r--s 001aa000 08:06 39194782   /home/shruti/.eclipse/org.eclipse.platform_3.7.0_155965261/configuration/org.eclipse.osgi/bundles/264/1/.cp/libs/guava-13.0.1.jar
a6335000-a65ef000 rw-p 00000000 00:00 0 
a65ef000-a65f2000 ---p 00000000 00:00 0 
a65f2000-a6640000 rw-p 00000000 00:00 0 
a6640000-a669f000 r--p 00000000 08:06 33162545   /usr/share/fonts/truetype/ubuntu-font-family/Ubuntu-RI.ttf
a669f000-a66a3000 r--s 0001a000 08:06 35914482   /usr/share/eclipse/plugins/org.eclipse.equinox.p2.repository_2.1.1.dist.jar
a66a3000-a66aa000 r--s 00049000 08:06 35914478   /usr/share/eclipse/plugins/org.eclipse.equinox.p2.metadata_2.1.0.dist.jar
a66aa000-a66b4000 r--s 00067000 08:06 39078967   /home/shruti/.eclipse/org.eclipse.platform_3.7.0_155965261/plugins/org.eclipse.cdt.make.ui_7.1.2.201202111925.jar
a66b4000-a6764000 r--p 00000000 08:06 33162513   /usr/share/fonts/truetype/ttf-dejavu/DejaVuSans.ttf
a7766000-a7767000 ---p 00000000 00:00 0 
a7767000-a8087000 rw-p 00000000 00:00 0 
a8087000-a808b000 r--s 00028000 08:06 35914475   /usr/share/eclipse/plugins/org.eclipse.equinox.p2.engine_2.1.1.dist.jar
a808b000-a808d000 r--s 0000b000 08:06 35914479   /usr/share/eclipse/plugins/org.eclipse.equinox.p2.operations_2.1.1.dist.jar
a808d000-a808f000 r--s 0000b000 08:06 35914487   /usr/share/eclipse/plugins/org.eclipse.equinox.p2.ui.sdk.scheduler_1.0.100.dist.jar
a808f000-a8092000 ---p 00000000 00:00 0 
a8092000-a80e0000 rw-p 00000000 00:00 0 
a80e0000-a80e3000 ---p 00000000 00:00 0 
a80e3000-a8131000 rw-p 00000000 00:00 0 
a8131000-a8134000 ---p 00000000 00:00 0 
a8134000-a8182000 rw-p 00000000 00:00 0 
a8182000-a8185000 ---p 00000000 00:00 0 
a8185000-a81d3000 rw-p 00000000 00:00 0 
a81d3000-a81d6000 ---p 00000000 00:00 0 
a81d6000-a8224000 rw-p 00000000 00:00 0 
a8224000-a8227000 ---p 00000000 00:00 0 
a8227000-a8275000 rw-p 00000000 00:00 0 
a8275000-a8278000 ---p 00000000 00:00 0 
a8278000-a82c6000 rw-p 00000000 00:00 0 
a82c6000-a82c9000 ---p 00000000 00:00 0 
a82c9000-a8317000 rw-p 00000000 00:00 0 
a8317000-a8319000 r--s 00009000 08:06 35914521   /usr/share/eclipse/plugins/org.eclipse.ui.net_1.2.100.dist.jar
a8319000-a831b000 r--s 00013000 08:06 34607237   /usr/lib/jvm/java-6-openjdk-common/jre/lib/jce.jar
a831b000-a831e000 r--s 00016000 08:06 35914493   /usr/share/eclipse/plugins/org.eclipse.equinox.security_1.1.1.dist.jar
a831e000-a831f000 r--s 0000b000 08:06 35915960   /usr/lib/eclipse/plugins/org.eclipse.core.net.linux.x86_1.1.200.dist.jar
a831f000-a8321000 r--s 0000e000 08:06 35914440   /usr/share/eclipse/plugins/org.eclipse.core.net_1.2.100.dist.jar
a8321000-a8340000 rw-p 00000000 00:00 0 
a8340000-a8341000 ---p 00000000 00:00 0 
a8341000-a8b41000 rw-p 00000000 00:00 0 
a9342000-a9343000 rw-p 00000000 00:00 0 
a999e000-a99a1000 ---p 00000000 00:00 0 
a99a1000-a99ef000 rw-p 00000000 00:00 0 
a99ef000-a99f2000 ---p 00000000 00:00 0 
a99f2000-a9a40000 rw-p 00000000 00:00 0 
a9a40000-a9a43000 ---p 00000000 00:00 0 
a9a43000-a9a91000 rw-p 00000000 00:00 0 
a9a91000-a9a94000 ---p 00000000 00:00 0 
a9a94000-a9ae2000 rw-p 00000000 00:00 0 
a9ae2000-a9ae5000 ---p 00000000 00:00 0 
a9ae5000-a9b33000 rw-p 00000000 00:00 0 
a9b33000-a9b44000 r--s 000d3000 08:06 39194679   /home/shruti/.eclipse/org.eclipse.platform_3.7.0_155965261/configuration/org.eclipse.osgi/bundles/262/1/.cp/libs/freemarker-2.3.19.jar
a9b44000-a9b45000 ---p 00000000 00:00 0 
a9b45000-aa345000 rw-p 00000000 00:00 0 
aa345000-aa346000 ---p 00000000 00:00 0 
aa346000-aab46000 rw-p 00000000 00:00 0 
aab46000-aab47000 ---p 00000000 00:00 0 
aab47000-ab347000 rw-p 00000000 00:00 0 
ab347000-ab34b000 rwxp 00000000 00:00 0 
ab34b000-ab3ab000 rw-s 00000000 00:04 1998855    /SYSV00000000 (deleted)
ab3ab000-ab3b1000 r--s 00042000 08:06 35914516   /usr/share/eclipse/plugins/org.eclipse.ui.forms_3.5.101.dist.jar
ab3b1000-ab8a9000 rw-p 00000000 00:00 0 
ab8ad000-ab8af000 r--s 0000d000 08:06 39194781   /home/shruti/.eclipse/org.eclipse.platform_3.7.0_155965261/configuration/org.eclipse.osgi/bundles/264/1/.cp/libs/commons-logging-1.1.1.jar
ab8af000-ab8b3000 r--s 00020000 08:06 39194780   /home/shruti/.eclipse/org.eclipse.platform_3.7.0_155965261/configuration/org.eclipse.osgi/bundles/264/1/.cp/libs/commons-compress-1.0.jar
ab8b3000-ab8b7000 r--s 0001d000 08:06 39078942   /home/shruti/.eclipse/org.eclipse.platform_3.7.0_155965261/plugins/org.eclipse.cdt.codan.core_2.0.0.201202111925.jar
ab8b7000-ab8b9000 r--s 00004000 08:06 39078947   /home/shruti/.eclipse/org.eclipse.platform_3.7.0_155965261/plugins/org.eclipse.cdt.codan.ui.cxx_2.0.0.201202111925.jar
ab8b9000-ab8c2000 r--s 00086000 08:06 35914533   /usr/share/eclipse/plugins/org.eclipse.update.core_3.2.500.dist.jar
ab8c2000-ab8c4000 r--s 00005000 08:06 35914534   /usr/share/eclipse/plugins/org.eclipse.update.scheduler_3.2.300.dist.jar
ab8c4000-ab8c5000 r--s 00002000 08:06 35914490   /usr/share/eclipse/plugins/org.eclipse.equinox.p2.updatechecker_1.1.200.dist.jar
ab8c5000-ab8c8000 r--s 00017000 08:06 35915944   /usr/lib/eclipse/plugins/org.eclipse.equinox.p2.metadata.repository_1.2.0.dist.jar
ab8c8000-ab8c9000 ---p 00000000 00:00 0 
ab8c9000-ac0c9000 rw-p 00000000 00:00 0 
ac0c9000-ac0ca000 ---p 00000000 00:00 0 
ac0ca000-ac9ea000 rw-p 00000000 00:00 0 
ac9ea000-ac9eb000 ---p 00000000 00:00 0 
ac9eb000-ad1eb000 rw-p 00000000 00:00 0 
ad1eb000-ad1ef000 r-xp 00000000 08:06 6292490    /lib/i386-linux-gnu/libuuid.so.1.3.0
ad1ef000-ad1f0000 r--p 00003000 08:06 6292490    /lib/i386-linux-gnu/libuuid.so.1.3.0
ad1f0000-ad1f1000 rw-p 00004000 08:06 6292490    /lib/i386-linux-gnu/libuuid.so.1.3.0
ad1f1000-ad207000 r-xp 00000000 08:06 32248205   /usr/lib/i386-linux-gnu/libICE.so.6.3.0
ad207000-ad208000 r--p 00015000 08:06 32248205   /usr/lib/i386-linux-gnu/libICE.so.6.3.0
ad208000-ad209000 rw-p 00016000 08:06 32248205   /usr/lib/i386-linux-gnu/libICE.so.6.3.0
ad209000-ad20b000 rw-p 00000000 00:00 0 
ad20b000-ad212000 r-xp 00000000 08:06 32248248   /usr/lib/i386-linux-gnu/libSM.so.6.0.1
ad212000-ad213000 r--p 00006000 08:06 32248248   /usr/lib/i386-linux-gnu/libSM.so.6.0.1
ad213000-ad214000 rw-p 00007000 08:06 32248248   /usr/lib/i386-linux-gnu/libSM.so.6.0.1
ad214000-ae383000 r-xp 00000000 08:06 32246669   /usr/lib/libicudata.so.48.1.1
ae383000-ae384000 r--p 0116e000 08:06 32246669   /usr/lib/libicudata.so.48.1.1
ae384000-ae385000 rw-p 0116f000 08:06 32246669   /usr/lib/libicudata.so.48.1.1
ae385000-ae410000 r-xp 00000000 08:06 32248666   /usr/lib/i386-linux-gnu/liborc-0.4.so.0.16.0
ae410000-ae411000 r--p 0008a000 08:06 32248666   /usr/lib/i386-linux-gnu/liborc-0.4.so.0.16.0
ae411000-ae415000 rw-p 0008b000 08:06 32248666   /usr/lib/i386-linux-gnu/liborc-0.4.so.0.16.0
ae415000-ae439000 r-xp 00000000 08:06 32243909   /usr/lib/i386-linux-gnu/libdbus-glib-1.so.2.2.2
ae439000-ae43a000 r--p 00023000 08:06 32243909   /usr/lib/i386-linux-gnu/libdbus-glib-1.so.2.2.2
ae43a000-ae43b000 rw-p 00024000 08:06 32243909   /usr/lib/i386-linux-gnu/libdbus-glib-1.so.2.2.2
ae43b000-ae493000 r-xp 00000000 08:06 32248289   /usr/lib/i386-linux-gnu/libXt.so.6.0.0
ae493000-ae494000 r--p 00057000 08:06 32248289   /usr/lib/i386-linux-gnu/libXt.so.6.0.0
ae494000-ae497000 rw-p 00058000 08:06 32248289   /usr/lib/i386-linux-gnu/libXt.so.6.0.0
ae497000-ae5ed000 r-xp 00000000 08:06 32246683   /usr/lib/libicuuc.so.48.1.1
ae5ed000-ae5f7000 r--p 00155000 08:06 32246683   /usr/lib/libicuuc.so.48.1.1
ae5f7000-ae5f8000 rw-p 0015f000 08:06 32246683   /usr/lib/libicuuc.so.48.1.1
ae5f8000-ae5fc000 rw-p 00000000 00:00 0 
ae5fc000-ae7ca000 r-xp 00000000 08:06 32246671   /usr/lib/libicui18n.so.48.1.1
ae7ca000-ae7cb000 ---p 001ce000 08:06 32246671   /usr/lib/libicui18n.so.48.1.1
ae7cb000-ae7d1000 r--p 001ce000 08:06 32246671   /usr/lib/libicui18n.so.48.1.1
ae7d1000-ae7d2000 rw-p 001d4000 08:06 32246671   /usr/lib/libicui18n.so.48.1.1
ae7d2000-ae7d3000 rw-p 00000000 00:00 0 
ae7d3000-ae875000 r-xp 00000000 08:06 32249125   /usr/lib/i386-linux-gnu/libsqlite3.so.0.8.6
ae875000-ae876000 r--p 000a2000 08:06 32249125   /usr/lib/i386-linux-gnu/libsqlite3.so.0.8.6
ae876000-ae877000 rw-p 000a3000 08:06 32249125   /usr/lib/i386-linux-gnu/libsqlite3.so.0.8.6
ae877000-ae878000 rw-p 00000000 00:00 0 
ae878000-ae9bf000 r-xp 00000000 08:06 32247882   /usr/lib/i386-linux-gnu/libxml2.so.2.7.8
ae9bf000-ae9c3000 r--p 00147000 08:06 32247882   /usr/lib/i386-linux-gnu/libxml2.so.2.7.8
ae9c3000-ae9c4000 rw-p 0014b000 08:06 32247882   /usr/lib/i386-linux-gnu/libxml2.so.2.7.8
ae9c4000-ae9c5000 rw-p 00000000 00:00 0 
ae9c5000-ae9ff000 r-xp 00000000 08:06 32254037   /usr/lib/i386-linux-gnu/libxslt.so.1.1.26
ae9ff000-aea00000 r--p 0003a000 08:06 32254037   /usr/lib/i386-linux-gnu/libxslt.so.1.1.26
aea00000-aea01000 rw-p 0003b000 08:06 32254037   /usr/lib/i386-linux-gnu/libxslt.so.1.1.26
aea01000-aea46000 r-xp 00000000 08:06 32245651   /usr/lib/i386-linux-gnu/libjpeg.so.8.0.2
aea46000-aea47000 r--p 00044000 08:06 32245651   /usr/lib/i386-linux-gnu/libjpeg.so.8.0.2
aea47000-aea48000 rw-p 00045000 08:06 32245651   /usr/lib/i386-linux-gnu/libjpeg.so.8.0.2
aea48000-aea58000 rw-p 00000000 00:00 0 
aea58000-aeb3b000 r-xp 00000000 08:06 32248541   /usr/lib/i386-linux-gnu/libgstreamer-0.10.so.0.30.0
aeb3b000-aeb3e000 r--p 000e2000 08:06 32248541   /usr/lib/i386-linux-gnu/libgstreamer-0.10.so.0.30.0
aeb3e000-aeb3f000 rw-p 000e5000 08:06 32248541   /usr/lib/i386-linux-gnu/libgstreamer-0.10.so.0.30.0
aeb3f000-aeb40000 rw-p 00000000 00:00 0 
aeb40000-aeb9e000 r-xp 00000000 08:06 32248517   /usr/lib/i386-linux-gnu/libgstbase-0.10.so.0.30.0
aeb9e000-aeb9f000 r--p 0005d000 08:06 32248517   /usr/lib/i386-linux-gnu/libgstbase-0.10.so.0.30.0
aeb9f000-aeba0000 rw-p 0005e000 08:06 32248517   /usr/lib/i386-linux-gnu/libgstbase-0.10.so.0.30.0
aeba0000-aebbc000 r-xp 00000000 08:06 32249138   /usr/lib/i386-linux-gnu/libgstvideo-0.10.so.0.25.0
aebbc000-aebbd000 r--p 0001b000 08:06 32249138   /usr/lib/i386-linux-gnu/libgstvideo-0.10.so.0.25.0
aebbd000-aebbe000 rw-p 0001c000 08:06 32249138   /usr/lib/i386-linux-gnu/libgstvideo-0.10.so.0.25.0
aebbe000-aebde000 r-xp 00000000 08:06 32249137   /usr/lib/i386-linux-gnu/libgstpbutils-0.10.so.0.25.0
aebde000-aebdf000 ---p 00020000 08:06 32249137   /usr/lib/i386-linux-gnu/libgstpbutils-0.10.so.0.25.0
aebdf000-aebe0000 r--p 00020000 08:06 32249137   /usr/lib/i386-linux-gnu/libgstpbutils-0.10.so.0.25.0
aebe0000-aebe1000 rw-p 00021000 08:06 32249137   /usr/lib/i386-linux-gnu/libgstpbutils-0.10.so.0.25.0
aebe1000-aebf0000 r-xp 00000000 08:06 32249141   /usr/lib/i386-linux-gnu/libgstinterfaces-0.10.so.0.25.0
aebf0000-aebf1000 r--p 0000f000 08:06 32249141   /usr/lib/i386-linux-gnu/libgstinterfaces-0.10.so.0.25.0
aebf1000-aebf2000 rw-p 00010000 08:06 32249141   /usr/lib/i386-linux-gnu/libgstinterfaces-0.10.so.0.25.0
aebf2000-aebfd000 r-xp 00000000 08:06 32249132   /usr/lib/i386-linux-gnu/libgstapp-0.10.so.0.25.0
aebfd000-aebfe000 r--p 0000a000 08:06 32249132   /usr/lib/i386-linux-gnu/libgstapp-0.10.so.0.25.0
aebfe000-aebff000 rw-p 0000b000 08:06 32249132   /usr/lib/i386-linux-gnu/libgstapp-0.10.so.0.25.0
aebff000-aec11000 r-xp 00000000 08:06 32246584   /usr/lib/libgeoclue.so.0.0.0
aec11000-aec12000 r--p 00011000 08:06 32246584   /usr/lib/libgeoclue.so.0.0.0
aec12000-aec13000 rw-p 00012000 08:06 32246584   /usr/lib/libgeoclue.so.0.0.0
aec13000-aec19000 r-xp 00000000 08:06 32248452   /usr/lib/i386-linux-gnu/libgailutil.so.18.0.1
aec19000-aec1a000 r--p 00005000 08:06 32248452   /usr/lib/i386-linux-gnu/libgailutil.so.18.0.1
aec1a000-aec1b000 rw-p 00006000 08:06 32248452   /usr/lib/i386-linux-gnu/libgailutil.so.18.0.1
aec1b000-aec25000 r-xp 00000000 08:06 32246536   /usr/lib/libenchant.so.1.6.0
aec25000-aec26000 r--p 00009000 08:06 32246536   /usr/lib/libenchant.so.1.6.0
aec26000-aec27000 rw-p 0000a000 08:06 32246536   /usr/lib/libenchant.so.1.6.0
aec27000-aefce000 r-xp 00000000 08:06 32248776   /usr/lib/libjavascriptcoregtk-1.0.so.0.13.4
aefce000-aefd5000 r--p 003a6000 08:06 32248776   /usr/lib/libjavascriptcoregtk-1.0.so.0.13.4
aefd5000-aefd9000 rw-p 003ad000 08:06 32248776   /usr/lib/libjavascriptcoregtk-1.0.so.0.13.4
aefd9000-aefea000 rw-p 00000000 00:00 0 
aefea000-af04f000 r-xp 00000000 08:06 32248763   /usr/lib/i386-linux-gnu/libsoup-2.4.so.1.5.0
af04f000-af050000 r--p 00064000 08:06 32248763   /usr/lib/i386-linux-gnu/libsoup-2.4.so.1.5.0
af050000-af051000 rw-p 00065000 08:06 32248763   /usr/lib/i386-linux-gnu/libsoup-2.4.so.1.5.0
af051000-af052000 rw-p 00000000 00:00 0 
af052000-b04fd000 r-xp 00000000 08:06 32248813   /usr/lib/libwebkitgtk-1.0.so.0.13.4
b04fd000-b04fe000 ---p 014ab000 08:06 32248813   /usr/lib/libwebkitgtk-1.0.so.0.13.4
b04fe000-b05b5000 r--p 014ab000 08:06 32248813   /usr/lib/libwebkitgtk-1.0.so.0.13.4
b05b5000-b05be000 rw-p 01562000 08:06 32248813   /usr/lib/libwebkitgtk-1.0.so.0.13.4
b05be000-b05c5000 rw-p 00000000 00:00 0 
b05c5000-b05c9000 rwxp 00000000 00:00 0 
b05c9000-b05cb000 rw-p 00000000 00:00 0 
b05cb000-b05cf000 r-xp 00000000 08:06 32246928   /usr/lib/i386-linux-gnu/gio/modules/libgiognomeproxy.so
b05cf000-b05d0000 r--p 00003000 08:06 32246928   /usr/lib/i386-linux-gnu/gio/modules/libgiognomeproxy.so
b05d0000-b05d1000 rw-p 00004000 08:06 32246928   /usr/lib/i386-linux-gnu/gio/modules/libgiognomeproxy.so
b05d1000-b05e1000 rw-p 00000000 00:00 0 
b05e1000-b05e9000 r-xp 00000000 08:06 35915477   /usr/lib/jni/libswt-webkit-gtk-3740.so
b05e9000-b05ea000 r--p 00007000 08:06 35915477   /usr/lib/jni/libswt-webkit-gtk-3740.so
b05ea000-b05eb000 rw-p 00008000 08:06 35915477   /usr/lib/jni/libswt-webkit-gtk-3740.so
b05eb000-b05fe000 r--s 00db7000 08:06 39078955   /home/shruti/.eclipse/org.eclipse.platform_3.7.0_155965261/plugins/org.eclipse.cdt.doc.user_5.1.1.201202111925.jar
b05fe000-b0604000 r--s 00044000 08:06 35914519   /usr/share/eclipse/plugins/org.eclipse.ui.intro_3.4.100.dist.jar
b0604000-b0606000 r--s 00013000 08:06 35914432   /usr/share/eclipse/plugins/org.eclipse.ui.intro.universal_3.2.500.dist/universal.jar
b0606000-b060a000 r--s 0001c000 08:06 35914515   /usr/share/eclipse/plugins/org.eclipse.ui.externaltools_3.2.0.dist.jar
b060a000-b061d000 r--s 000e4000 08:06 39062136   /home/shruti/.eclipse/org.eclipse.platform_3.7.0_155965261/plugins/org.eclipse.wst.sse.ui_1.3.2.v201201041522.jar
b061d000-b0626000 r--s 00054000 08:06 35914505   /usr/share/eclipse/plugins/org.eclipse.team.core_3.6.0.dist.jar
b0626000-b0629000 r--s 00011000 08:06 35916080   /usr/lib/eclipse/dropins/jdt/plugins/org.eclipse.jdt.core.manipulation_1.4.0.dist.jar
b0629000-b062c000 ---p 00000000 00:00 0 
b062c000-b067a000 rw-p 00000000 00:00 0 
b067e000-b06a7000 r--s 00440000 08:06 35915957   /usr/lib/eclipse/plugins/org.eclipse.jdt.core_3.7.3.dist.jar
b06ab000-b0740000 r--s 008ff000 08:06 35916097   /usr/lib/eclipse/dropins/jdt/plugins/org.eclipse.jdt.ui_3.7.2.dist.jar
b0740000-b0749000 r--s 00066000 08:06 35914504   /usr/share/eclipse/plugins/org.eclipse.search_3.7.0.dist.jar
b077d000-b0788000 r--s 0007f000 08:06 35914532   /usr/share/eclipse/plugins/org.eclipse.ui.workbench.texteditor_3.7.0.dist.jar
b0788000-b0794000 r--s 0007d000 08:06 35914514   /usr/share/eclipse/plugins/org.eclipse.ui.editors_3.7.0.dist.jar
b0794000-b07a7000 r--s 000d6000 08:06 35914499   /usr/share/eclipse/plugins/org.eclipse.jface.text_3.7.2.dist.jar
b07b7000-b0800000 r--s 0040a000 08:06 39078948   /home/shruti/.eclipse/org.eclipse.platform_3.7.0_155965261/plugins/org.eclipse.cdt.core_5.3.2.201202111925.jar
b0800000-b0861000 rw-p 00000000 00:00 0 
b0861000-b0900000 ---p 00000000 00:00 0 
b0910000-b0915000 r--s 00035000 08:06 35914510   /usr/share/eclipse/plugins/org.eclipse.text_3.5.101.dist.jar
b0915000-b0918000 r--s 00017000 08:06 35914438   /usr/share/eclipse/plugins/org.eclipse.core.filebuffers_3.5.200.dist.jar
b0918000-b091a000 r--s 00003000 08:06 39078950   /home/shruti/.eclipse/org.eclipse.platform_3.7.0_155965261/plugins/org.eclipse.cdt.core.linux.x86_5.2.0.201202111925.jar
b091a000-b0971000 r--s 004b4000 08:06 39078973   /home/shruti/.eclipse/org.eclipse.platform_3.7.0_155965261/plugins/org.eclipse.cdt.ui_5.3.2.201202111925.jar
b0971000-b097a000 r--s 00056000 08:06 35915959   /usr/lib/eclipse/plugins/org.eclipse.ui.navigator_3.5.101.dist.jar
b097a000-b097d000 r--s 00012000 08:06 35914524   /usr/share/eclipse/plugins/org.eclipse.ui.views_3.6.0.dist.jar
b097d000-b0989000 r-xp 00000000 08:06 35915129   /usr/lib/jni/libswt-cairo-gtk-3740.so
b0989000-b098a000 r--p 0000c000 08:06 35915129   /usr/lib/jni/libswt-cairo-gtk-3740.so
b098a000-b098b000 rw-p 0000d000 08:06 35915129   /usr/lib/jni/libswt-cairo-gtk-3740.so
b09c2000-b09d1000 r--s 0012d000 08:06 39715809   /home/shruti/.eclipse/org.eclipse.platform_3.7.0_155965261/configuration/org.eclipse.osgi/bundles/265/1/.cp/libs/jfreechart-1.0.9.jar
b09d1000-b09d7000 r--s 00046000 08:06 39715808   /home/shruti/.eclipse/org.eclipse.platform_3.7.0_155965261/configuration/org.eclipse.osgi/bundles/265/1/.cp/libs/jcommon-1.0.12.jar
b09d7000-b09e2000 r--s 00083000 08:06 39715807   /home/shruti/.eclipse/org.eclipse.platform_3.7.0_155965261/configuration/org.eclipse.osgi/bundles/265/1/.cp/libs/ddmuilib.jar
b09e2000-b09f0000 r--s 0005d000 08:06 39194688   /home/shruti/.eclipse/org.eclipse.platform_3.7.0_155965261/configuration/org.eclipse.osgi/bundles/262/1/.cp/libs/propertysheet.jar
b09f0000-b0a00000 r--s 000f3000 08:06 39194684   /home/shruti/.eclipse/org.eclipse.platform_3.7.0_155965261/configuration/org.eclipse.osgi/bundles/262/1/.cp/libs/lombok-ast-0.2.jar
b0a00000-b0af2000 rw-p 00000000 00:00 0 
b0af2000-b0b00000 ---p 00000000 00:00 0 
b0b00000-b0b01000 rw-p 00000000 00:00 0 
b0b01000-b0b05000 r--s 00018000 08:06 35914520   /usr/share/eclipse/plugins/org.eclipse.ui.navigator.resources_3.4.300.dist.jar
b0b05000-b0b08000 rw-s 00000000 00:04 1966086    /SYSV00000000 (deleted)
b0b0b000-b0b0f000 r--s 0003a000 08:06 39715806   /home/shruti/.eclipse/org.eclipse.platform_3.7.0_155965261/configuration/org.eclipse.osgi/bundles/265/1/.cp/libs/ddmlib.jar
b0b0f000-b0b19000 r--s 00094000 08:06 39194681   /home/shruti/.eclipse/org.eclipse.platform_3.7.0_155965261/configuration/org.eclipse.osgi/bundles/262/1/.cp/libs/asset-studio.jar
b0b19000-b0b4d000 r--s 006d0000 08:06 39117188   /home/shruti/.eclipse/org.eclipse.platform_3.7.0_155965261/plugins/com.android.ide.eclipse.adt_22.0.1.v201305230001--685705.jar
b0b50000-b0b52000 r--s 00008000 08:06 35916098   /usr/lib/eclipse/dropins/jdt/plugins/org.eclipse.jdt_3.7.2.dist.jar
b0b54000-b0b59000 r--s 0026c000 08:06 39102606   /home/shruti/.eclipse/org.eclipse.platform_3.7.0_155965261/plugins/com.android.ide.eclipse.ddms_22.0.1.v201305230001--685705.jar
b0b59000-b0b5c000 ---p 00000000 00:00 0 
b0b5c000-b0baa000 rw-p 00000000 00:00 0 
b0baa000-b0baf000 r--s 00038000 08:06 35914498   /usr/share/eclipse/plugins/org.eclipse.help_3.5.100.dist.jar
b0baf000-b0bb3000 r--s 0006c000 08:06 39194683   /home/shruti/.eclipse/org.eclipse.platform_3.7.0_155965261/configuration/org.eclipse.osgi/bundles/262/1/.cp/libs/lint-checks.jar
b0bb3000-b0bb5000 r--s 00020000 08:06 39194682   /home/shruti/.eclipse/org.eclipse.platform_3.7.0_155965261/configuration/org.eclipse.osgi/bundles/262/1/.cp/libs/lint-api.jar
b0bb5000-b0bbe000 r--s 00068000 08:06 39194677   /home/shruti/.eclipse/org.eclipse.platform_3.7.0_155965261/configuration/org.eclipse.osgi/bundles/262/1/.cp/libs/sdkuilib.jar
b0bbe000-b0bc3000 r--s 00034000 08:06 39194795   /home/shruti/.eclipse/org.eclipse.platform_3.7.0_155965261/configuration/org.eclipse.osgi/bundles/264/1/.cp/libs/sdk-common.jar
b0bc3000-b0bcb000 r--s 00083000 08:06 39194792   /home/shruti/.eclipse/org.eclipse.platform_3.7.0_155965261/configuration/org.eclipse.osgi/bundles/264/1/.cp/libs/sdklib.jar
b0bcb000-b0bce000 ---p 00000000 00:00 0 
b0bce000-b0c1c000 rw-p 00000000 00:00 0 
b0c1c000-b0c1e000 r--s 0000e000 08:06 39194791   /home/shruti/.eclipse/org.eclipse.platform_3.7.0_155965261/configuration/org.eclipse.osgi/bundles/264/1/.cp/libs/layoutlib-api.jar
b0c1e000-b0c20000 r--s 00005000 08:06 39194789   /home/shruti/.eclipse/org.eclipse.platform_3.7.0_155965261/configuration/org.eclipse.osgi/bundles/264/1/.cp/libs/httpmime-4.1.jar
b0c20000-b0c25000 r--s 00028000 08:06 39194788   /home/shruti/.eclipse/org.eclipse.platform_3.7.0_155965261/configuration/org.eclipse.osgi/bundles/264/1/.cp/libs/httpcore-4.1.jar
b0c25000-b0c2d000 r--s 0004e000 08:06 39194783   /home/shruti/.eclipse/org.eclipse.platform_3.7.0_155965261/configuration/org.eclipse.osgi/bundles/264/1/.cp/libs/httpclient-4.1.1.jar
b0c2d000-b0cd2000 r--p 00000000 08:06 33162512   /usr/share/fonts/truetype/ttf-dejavu/DejaVuSans-Bold.ttf
b0cd2000-b0ce0000 r-xp 00000000 08:06 6292387    /lib/i386-linux-gnu/libudev.so.0.13.0
b0ce0000-b0ce1000 r--p 0000e000 08:06 6292387    /lib/i386-linux-gnu/libudev.so.0.13.0
b0ce1000-b0ce2000 rw-p 0000f000 08:06 6292387    /lib/i386-linux-gnu/libudev.so.0.13.0
b0ce2000-b0d29000 r-xp 00000000 08:06 6292371    /lib/i386-linux-gnu/libdbus-1.so.3.5.8
b0d29000-b0d2a000 r--p 00047000 08:06 6292371    /lib/i386-linux-gnu/libdbus-1.so.3.5.8
b0d2a000-b0d2b000 rw-p 00048000 08:06 6292371    /lib/i386-linux-gnu/libdbus-1.so.3.5.8
b0d2b000-b0d2c000 r--s 00002000 08:06 39078949   /home/shruti/.eclipse/org.eclipse.platform_3.7.0_155965261/plugins/org.eclipse.cdt.core.linux_5.2.0.201202111925.jar
b0d2c000-b0d2e000 r--s 0000e000 08:06 35916347   /usr/lib/eclipse/dropins/sdk/plugins/org.eclipse.pde_3.7.2.dist.jar
b0d2e000-b0d39000 r--s 000b8000 08:06 35915940   /usr/lib/eclipse/plugins/org.eclipse.core.resources_3.7.101.dist.jar
b0d39000-b0d45000 r-xp 00000000 08:06 35915121   /usr/lib/jni/libswt-atk-gtk-3740.so
b0d45000-b0d46000 r--p 0000b000 08:06 35915121   /usr/lib/jni/libswt-atk-gtk-3740.so
b0d46000-b0d47000 rw-p 0000c000 08:06 35915121   /usr/lib/jni/libswt-atk-gtk-3740.so
b0d47000-b0d70000 r-xp 00000000 08:06 32246199   /usr/lib/i386-linux-gnu/gio/modules/libgvfsdbus.so
b0d70000-b0d71000 r--p 00028000 08:06 32246199   /usr/lib/i386-linux-gnu/gio/modules/libgvfsdbus.so
b0d71000-b0d72000 rw-p 00029000 08:06 32246199   /usr/lib/i386-linux-gnu/gio/modules/libgvfsdbus.so
b0d72000-b0db6000 r-xp 00000000 08:06 32248579   /usr/lib/i386-linux-gnu/libibus-1.0.so.0.401.0
b0db6000-b0db7000 r--p 00043000 08:06 32248579   /usr/lib/i386-linux-gnu/libibus-1.0.so.0.401.0
b0db7000-b0db8000 rw-p 00044000 08:06 32248579   /usr/lib/i386-linux-gnu/libibus-1.0.so.0.401.0
b0db8000-b0db9000 r--s 00002000 08:06 39194678   /home/shruti/.eclipse/org.eclipse.platform_3.7.0_155965261/configuration/org.eclipse.osgi/bundles/262/1/.cp/libs/ninepatch.jar
b0db9000-b0dbb000 r--s 00016000 08:06 35915532   /usr/lib/eclipse/plugins/org.eclipse.update.configurator_3.3.100.dist.jar
b0dbb000-b0dbd000 r--s 00012000 08:06 35915508   /usr/lib/eclipse/plugins/org.eclipse.core.expressions_3.4.300.dist.jar
b0dbd000-b0dd2000 r-xp 00000000 08:06 32244654   /usr/lib/i386-linux-gnu/gvfs/libgvfscommon.so
b0dd2000-b0dd3000 r--p 00014000 08:06 32244654   /usr/lib/i386-linux-gnu/gvfs/libgvfscommon.so
b0dd3000-b0dd4000 rw-p 00015000 08:06 32244654   /usr/lib/i386-linux-gnu/gvfs/libgvfscommon.so
b0dd4000-b0dda000 r-xp 00000000 08:06 32249343   /usr/lib/i386-linux-gnu/gtk-2.0/2.10.0/immodules/im-ibus.so
b0dda000-b0ddb000 r--p 00005000 08:06 32249343   /usr/lib/i386-linux-gnu/gtk-2.0/2.10.0/immodules/im-ibus.so
b0ddb000-b0ddc000 rw-p 00006000 08:06 32249343   /usr/lib/i386-linux-gnu/gtk-2.0/2.10.0/immodules/im-ibus.so
b0ddc000-b0e2e000 r--p 00000000 08:06 33162515   /usr/share/fonts/truetype/ttf-dejavu/DejaVuSansMono.ttf
b0e2e000-b0e85000 r--p 00000000 08:06 33162544   /usr/share/fonts/truetype/ubuntu-font-family/Ubuntu-R.ttf
b0e85000-b0efc000 r-xp 00000000 08:06 35915124   /usr/lib/jni/libswt-pi-gtk-3740.so
b0efc000-b0efd000 r--p 00077000 08:06 35915124   /usr/lib/jni/libswt-pi-gtk-3740.so
b0efd000-b0eff000 rw-p 00078000 08:06 35915124   /usr/lib/jni/libswt-pi-gtk-3740.so
b0eff000-b0f00000 rw-p 00000000 00:00 0 
b0f00000-b0fb0000 rw-p 00000000 00:00 0 
b0fb0000-b1000000 ---p 00000000 00:00 0 
b1001000-b1028000 r--s 00208000 08:06 35914518   /usr/share/eclipse/plugins/org.eclipse.ui.ide_3.7.0.dist.jar
b1028000-b102c000 r-xp 00000000 08:06 32249187   /usr/lib/i386-linux-gnu/gdk-pixbuf-2.0/2.10.0/loaders/libpixbufloader-png.so
b102c000-b102d000 r--p 00003000 08:06 32249187   /usr/lib/i386-linux-gnu/gdk-pixbuf-2.0/2.10.0/loaders/libpixbufloader-png.so
b102d000-b102e000 rw-p 00004000 08:06 32249187   /usr/lib/i386-linux-gnu/gdk-pixbuf-2.0/2.10.0/loaders/libpixbufloader-png.so
b102e000-b1033000 r-xp 00000000 08:06 32249181   /usr/lib/i386-linux-gnu/gdk-pixbuf-2.0/2.10.0/loaders/libpixbufloader-gif.so
b1033000-b1034000 r--p 00005000 08:06 32249181   /usr/lib/i386-linux-gnu/gdk-pixbuf-2.0/2.10.0/loaders/libpixbufloader-gif.so
b1034000-b1035000 rw-p 00006000 08:06 32249181   /usr/lib/i386-linux-gnu/gdk-pixbuf-2.0/2.10.0/loaders/libpixbufloader-gif.so
b1035000-b1037000 r-xp 00000000 08:06 32243956   /usr/lib/i386-linux-gnu/pango/1.6.0/modules/pango-basic-fc.so
b1037000-b1038000 r--p 00001000 08:06 32243956   /usr/lib/i386-linux-gnu/pango/1.6.0/modules/pango-basic-fc.so
b1038000-b1039000 rw-p 00002000 08:06 32243956   /usr/lib/i386-linux-gnu/pango/1.6.0/modules/pango-basic-fc.so
b1039000-b103a000 r--s 00000000 08:06 36181280   /var/cache/fontconfig/c05880de57d1f5e948fdfacc138775d9-le32d4.cache-3
b103a000-b1040000 r--s 00000000 08:06 36175959   /var/cache/fontconfig/945677eb7aeaf62f1d50efc3fb3ec7d8-le32d4.cache-3
b1040000-b1042000 r--s 00000000 08:06 36181226   /var/cache/fontconfig/99e8ed0e538f840c565b6ed5dad60d56-le32d4.cache-3
b1042000-b1045000 r--s 00000000 08:06 36181211   /var/cache/fontconfig/2cd17615ca594fa2959ae173292e504c-le32d4.cache-3
b1045000-b1046000 r--s 00000000 08:06 36181209   /var/cache/fontconfig/e7071f4a29fa870f4323321c154eba04-le32d4.cache-3
b1046000-b1048000 r--s 00000000 08:06 36183048   /var/cache/fontconfig/b5ea634b0fb353b8ea17632d1f9ef766-le32d4.cache-3
b1048000-b1049000 r--s 00000000 08:06 36181043   /var/cache/fontconfig/0d8c3b2ac0904cb8a57a757ad11a4a08-le32d4.cache-3
b1049000-b104d000 r--s 00000000 08:06 36180997   /var/cache/fontconfig/a755afe4a08bf5b97852ceb7400b47bc-le32d4.cache-3
b104d000-b1054000 r--s 00000000 08:06 36184300   /var/cache/fontconfig/6d41288fd70b0be22e8c3a91e032eec0-le32d4.cache-3
b1054000-b105f000 r--s 00000000 08:06 36180964   /var/cache/fontconfig/04aabc0a78ac019cf9454389977116d2-le32d4.cache-3
b105f000-b1062000 r--s 00000000 08:06 36180489   /var/cache/fontconfig/385c0604a188198f04d133e54aba7fe7-le32d4.cache-3
b1062000-b1065000 r--s 00000000 08:06 36175938   /var/cache/fontconfig/8801497958630a81b71ace7c5f9b32a8-le32d4.cache-3
b1065000-b1069000 r--s 00000000 08:06 36180485   /var/cache/fontconfig/3047814df9a2f067bd2d96a2b9c36e5a-le32d4.cache-3
b1069000-b1076000 r--s 00000000 08:06 36180293   /var/cache/fontconfig/d52a8644073d54c13679302ca1180695-le32d4.cache-3
b1076000-b107a000 r-xp 00000000 08:06 35915123   /usr/lib/jni/libswt-gtk-3740.so
b107a000-b107b000 r--p 00003000 08:06 35915123   /usr/lib/jni/libswt-gtk-3740.so
b107b000-b107c000 rw-p 00004000 08:06 35915123   /usr/lib/jni/libswt-gtk-3740.so
b107c000-b107d000 rw-p 00000000 00:00 0 
b107d000-b10b9000 r--s 005fe000 08:06 32647223   /usr/share/java/com.ibm.icu-4.4.jar
b10b9000-b1100000 r--s 0039a000 08:06 35915530   /usr/lib/eclipse/plugins/org.eclipse.ui.workbench_3.7.1.dist.jar
b1100000-b1121000 rw-p 00000000 00:00 0 
b1121000-b1200000 ---p 00000000 00:00 0 
b1200000-b1202000 r--s 00007000 08:06 39194772   /home/shruti/.eclipse/org.eclipse.platform_3.7.0_155965261/configuration/org.eclipse.osgi/bundles/262/1/.cp/libs/manifest-merger.jar
b1202000-b1203000 r--s 00000000 08:06 36180488   /var/cache/fontconfig/4794a0821666d79190d59a36cb4f44b5-le32d4.cache-3
b1203000-b1204000 r--s 00000000 08:06 36180430   /var/cache/fontconfig/56cf4f4769d0f4abc89a4895d7bd3ae1-le32d4.cache-3
b1204000-b1205000 r--s 00000000 08:06 36180382   /var/cache/fontconfig/b9d506c9ac06c20b433354fa67a72993-le32d4.cache-3
b1205000-b1209000 r--s 00000000 08:06 36180350   /var/cache/fontconfig/b47c4e1ecd0709278f4910c18777a504-le32d4.cache-3
b1209000-b120d000 rwxp 00000000 00:00 0 
b120d000-b1210000 ---p 00000000 00:00 0 
b1210000-b125e000 rw-p 00000000 00:00 0 
b125e000-b1261000 ---p 00000000 00:00 0 
b1261000-b12af000 rw-p 00000000 00:00 0 
b12af000-b12b2000 ---p 00000000 00:00 0 
b12b2000-b1300000 rw-p 00000000 00:00 0 
b1300000-b13cc000 rw-p 00000000 00:00 0 
b13cc000-b1400000 ---p 00000000 00:00 0 
b1400000-b1489000 rw-p 00000000 00:00 0 
b1489000-b1500000 ---p 00000000 00:00 0 
b1500000-b1521000 rw-p 00000000 00:00 0 
b1521000-b1600000 ---p 00000000 00:00 0 
b1600000-b1621000 rw-p 00000000 00:00 0 
b1621000-b1700000 ---p 00000000 00:00 0 
b1700000-b1703000 r--s 00000000 08:06 36183047   /var/cache/fontconfig/7ef2298fde41cc6eeb7af42e48b7d293-le32d4.cache-3
b1703000-b1708000 r-xp 00000000 08:06 32248291   /usr/lib/i386-linux-gnu/libXtst.so.6.1.0
b1708000-b1709000 r--p 00004000 08:06 32248291   /usr/lib/i386-linux-gnu/libXtst.so.6.1.0
b1709000-b170a000 rw-p 00005000 08:06 32248291   /usr/lib/i386-linux-gnu/libXtst.so.6.1.0
b170a000-b170b000 r-xp 00000000 08:06 32247258   /usr/lib/i386-linux-gnu/libgthread-2.0.so.0.3200.3
b170b000-b170c000 r--p 00000000 08:06 32247258   /usr/lib/i386-linux-gnu/libgthread-2.0.so.0.3200.3
b170c000-b170d000 rw-p 00001000 08:06 32247258   /usr/lib/i386-linux-gnu/libgthread-2.0.so.0.3200.3
b170d000-b1710000 ---p 00000000 00:00 0 
b1710000-b175e000 rw-p 00000000 00:00 0 
b175e000-b1761000 ---p 00000000 00:00 0 
b1761000-b17af000 rw-p 00000000 00:00 0 
b17af000-b17b2000 ---p 00000000 00:00 0 
b17b2000-b1800000 rw-p 00000000 00:00 0 
b1800000-b1821000 rw-p 00000000 00:00 0 
b1821000-b1900000 ---p 00000000 00:00 0 
b1900000-b1921000 rw-p 00000000 00:00 0 
b1921000-b1a00000 ---p 00000000 00:00 0 
b1a00000-b1a02000 r--s 00000000 08:06 36175956   /var/cache/fontconfig/e13b20fdb08344e0e664864cc2ede53d-le32d4.cache-3
b1a02000-b1a04000 r--s 00008000 08:06 39194680   /home/shruti/.eclipse/org.eclipse.platform_3.7.0_155965261/configuration/org.eclipse.osgi/bundles/262/1/.cp/libs/rule-api.jar
b1a04000-b1a06000 r--s 00003000 08:06 39194793   /home/shruti/.eclipse/org.eclipse.platform_3.7.0_155965261/configuration/org.eclipse.osgi/bundles/264/1/.cp/libs/sdkstats.jar
b1a06000-b1a1a000 r--s 0018b000 08:06 35915128   /usr/lib/java/swt-gtk-3.7.2.jar
b1a1a000-b1a2e000 r--s 000eb000 08:06 35915528   /usr/lib/eclipse/plugins/org.eclipse.jface_3.7.0.dist.jar
b1a2e000-b1a31000 ---p 00000000 00:00 0 
b1a31000-b1a7f000 rw-p 00000000 00:00 0 
b1a7f000-b1a80000 ---p 00000000 00:00 0 
b1a80000-b1b00000 rw-p 00000000 00:00 0 
b1b00000-b1bfa000 rw-p 00000000 00:00 0 
b1bfa000-b1c00000 ---p 00000000 00:00 0 
b1c00000-b1c02000 r--s 0000b000 08:06 39715811   /home/shruti/.eclipse/org.eclipse.platform_3.7.0_155965261/configuration/org.eclipse.osgi/bundles/265/1/.cp/libs/uiautomatorviewer.jar
b1c02000-b1c04000 r--s 0000a000 08:06 39194685   /home/shruti/.eclipse/org.eclipse.platform_3.7.0_155965261/configuration/org.eclipse.osgi/bundles/262/1/.cp/libs/asm-4.0.jar
b1c04000-b1c05000 r--s 00000000 08:06 35914528   /usr/share/eclipse/plugins/org.eclipse.ui.workbench.compatibility_3.2.100.dist/compatibility.jar
b1c05000-b1c07000 r--s 0000d000 08:06 35914517   /usr/share/eclipse/plugins/org.eclipse.ui.ide.application_1.0.300.dist.jar
b1c07000-b1c08000 r--s 00004000 08:06 39194770   /home/shruti/.eclipse/org.eclipse.platform_3.7.0_155965261/configuration/org.eclipse.osgi/bundles/262/1/.cp/libs/swtmenubar.jar
b1c08000-b1c0a000 r--s 0000e000 08:06 35914472   /usr/share/eclipse/plugins/org.eclipse.equinox.p2.core_2.1.1.dist.jar
b1c0a000-b1c0b000 r--s 00004000 08:06 39194687   /home/shruti/.eclipse/org.eclipse.platform_3.7.0_155965261/configuration/org.eclipse.osgi/bundles/262/1/.cp/libs/asm-analysis-4.0.jar
b1c0b000-b1c0c000 r--s 00002000 08:06 39194689   /home/shruti/.eclipse/org.eclipse.platform_3.7.0_155965261/configuration/org.eclipse.osgi/bundles/262/1/.cp/libs/ant-glob.jar
b1c0c000-b1c0e000 r--s 00010000 08:06 39715810   /home/shruti/.eclipse/org.eclipse.platform_3.7.0_155965261/configuration/org.eclipse.osgi/bundles/265/1/.cp/libs/jfreechart-swt-1.0.9.jar
b1c0e000-b1c10000 r--s 00012000 08:06 35915512   /usr/lib/eclipse/plugins/org.eclipse.equinox.app_1.3.100.dist.jar
b1c10000-b1c12000 r--s 00004000 08:06 39194686   /home/shruti/.eclipse/org.eclipse.platform_3.7.0_155965261/configuration/org.eclipse.osgi/bundles/262/1/.cp/libs/asm-tree-4.0.jar
b1c12000-b1c15000 r--s 00018000 08:06 35915523   /usr/lib/eclipse/plugins/org.eclipse.equinox.preferences_3.4.2.dist.jar
b1c15000-b1c16000 r--s 00002000 08:06 39194794   /home/shruti/.eclipse/org.eclipse.platform_3.7.0_155965261/configuration/org.eclipse.osgi/bundles/264/1/.cp/libs/dvlib.jar
b1c16000-b1c17000 r--s 00001000 08:06 35914447   /usr/share/eclipse/plugins/org.eclipse.core.runtime.compatibility.registry_3.5.0.dist/runtime_registry_compatibility.jar
b1c17000-b1c2c000 r-xp 00000000 08:06 35786016   /usr/lib/jvm/java-6-openjdk-i386/jre/lib/i386/libnet.so
b1c2c000-b1c2d000 r--p 00014000 08:06 35786016   /usr/lib/jvm/java-6-openjdk-i386/jre/lib/i386/libnet.so
b1c2d000-b1c2e000 rw-p 00015000 08:06 35786016   /usr/lib/jvm/java-6-openjdk-i386/jre/lib/i386/libnet.so
b1c2e000-b1c31000 ---p 00000000 00:00 0 
b1c31000-b1c7f000 rw-p 00000000 00:00 0 
b1c7f000-b1c82000 ---p 00000000 00:00 0 
b1c82000-b1d00000 rw-p 00000000 00:00 0 
b1d00000-b1d21000 rw-p 00000000 00:00 0 
b1d21000-b1e00000 ---p 00000000 00:00 0 
b1e00000-b1e21000 rw-p 00000000 00:00 0 
b1e21000-b1f00000 ---p 00000000 00:00 0 
b1f00000-b1f21000 rw-p 00000000 00:00 0 
b1f21000-b2000000 ---p 00000000 00:00 0 
b2000000-b2003000 r--s 00028000 08:06 35915524   /usr/lib/eclipse/plugins/org.eclipse.equinox.registry_3.5.101.dist.jar
b2003000-b2005000 r--s 00011000 08:06 39078943   /home/shruti/.eclipse/org.eclipse.platform_3.7.0_155965261/plugins/org.eclipse.cdt.codan.checkers_1.0.1.201202111925.jar
b2005000-b2008000 r--s 00022000 08:06 35914513   /usr/share/eclipse/plugins/org.eclipse.ui.console_3.5.100.dist.jar
b2008000-b200a000 r--s 0000c000 08:06 39194778   /home/shruti/.eclipse/org.eclipse.platform_3.7.0_155965261/configuration/org.eclipse.osgi/bundles/264/1/.cp/libs/common.jar
b200a000-b200b000 r--s 0000a000 08:06 39194790   /home/shruti/.eclipse/org.eclipse.platform_3.7.0_155965261/configuration/org.eclipse.osgi/bundles/264/1/.cp/libs/kxml2-2.3.0.jar
b200b000-b200d000 r--s 0000d000 08:06 39194779   /home/shruti/.eclipse/org.eclipse.platform_3.7.0_155965261/configuration/org.eclipse.osgi/bundles/264/1/.cp/libs/commons-codec-1.4.jar
b200d000-b2010000 ---p 00000000 00:00 0 
b2010000-b205e000 rw-p 00000000 00:00 0 
b205e000-b2061000 ---p 00000000 00:00 0 
b2061000-b20af000 rw-p 00000000 00:00 0 
b20af000-b20b2000 ---p 00000000 00:00 0 
b20b2000-b2100000 rw-p 00000000 00:00 0 
b2100000-b2145000 rw-p 00000000 00:00 0 
b2145000-b2200000 ---p 00000000 00:00 0 
b2200000-b2202000 r--s 0000f000 08:06 35915511   /usr/lib/eclipse/plugins/org.eclipse.core.runtime_3.7.0.dist.jar
b2202000-b2205000 r--s 00016000 08:06 35915513   /usr/lib/eclipse/plugins/org.eclipse.equinox.common_3.6.0.dist.jar
b2205000-b2207000 r--s 00009000 08:06 39078945   /home/shruti/.eclipse/org.eclipse.platform_3.7.0_155965261/plugins/org.eclipse.cdt.codan.core.cxx_1.0.0.201202111925.jar
b2207000-b220f000 r-xp 00000000 08:06 35786005   /usr/lib/jvm/java-6-openjdk-i386/jre/lib/i386/libnio.so
b220f000-b2210000 r--p 00007000 08:06 35786005   /usr/lib/jvm/java-6-openjdk-i386/jre/lib/i386/libnio.so
b2210000-b2211000 rw-p 00008000 08:06 35786005   /usr/lib/jvm/java-6-openjdk-i386/jre/lib/i386/libnio.so
b2211000-b2217000 r--s 000fc000 08:06 34607239   /usr/lib/jvm/java-6-openjdk-common/jre/lib/resources.jar
b2217000-b222b000 r--s 00136000 08:06 35915097   /usr/lib/eclipse/plugins/org.eclipse.osgi_3.7.2.dist.jar
b222b000-b222d000 r--s 00001000 08:06 35263369   /usr/lib/jvm/java-6-openjdk-common/jre/lib/ext/dnsns.jar
b222d000-b222e000 ---p 00000000 00:00 0 
b222e000-b22e1000 rw-p 00000000 00:00 0 
b22e1000-b2473000 r--s 037d5000 08:06 35785996   /usr/lib/jvm/java-6-openjdk-i386/jre/lib/rt.jar
b2473000-b2484000 rw-p 00000000 00:00 0 
b2484000-b24f4000 rw-p 00000000 00:00 0 
b24f4000-b2502000 rw-p 00000000 00:00 0 
b2502000-b2575000 rw-p 00000000 00:00 0 
b2575000-b257c000 rw-p 00000000 00:00 0 
b257c000-b25b5000 rw-p 00000000 00:00 0 
b25b5000-b25c3000 rw-p 00000000 00:00 0 
b25c3000-b2635000 rw-p 00000000 00:00 0 
b2635000-b2645000 rw-p 00000000 00:00 0 
b2645000-b26b5000 rw-p 00000000 00:00 0 
b26b5000-b26cc000 rw-p 00000000 00:00 0 
b26cc000-b2741000 rw-p 00000000 00:00 0 
b2741000-b29d1000 rwxp 00000000 00:00 0 
b29d1000-b4741000 rw-p 00000000 00:00 0 
b4741000-b4767000 r-xp 00000000 08:06 35786002   /usr/lib/jvm/java-6-openjdk-i386/jre/lib/i386/libjava.so
b4767000-b4768000 r--p 00025000 08:06 35786002   /usr/lib/jvm/java-6-openjdk-i386/jre/lib/i386/libjava.so
b4768000-b476a000 rw-p 00026000 08:06 35786002   /usr/lib/jvm/java-6-openjdk-i386/jre/lib/i386/libjava.so
b476a000-b4842000 r-xp 00000000 08:06 32248781   /usr/lib/i386-linux-gnu/libstdc++.so.6.0.16
b4842000-b4843000 ---p 000d8000 08:06 32248781   /usr/lib/i386-linux-gnu/libstdc++.so.6.0.16
b4843000-b4847000 r--p 000d8000 08:06 32248781   /usr/lib/i386-linux-gnu/libstdc++.so.6.0.16
b4847000-b4848000 rw-p 000dc000 08:06 32248781   /usr/lib/i386-linux-gnu/libstdc++.so.6.0.16
b4848000-b484f000 rw-p 00000000 00:00 0 
b484f000-b4d63000 r-xp 00000000 08:06 35786009   /usr/lib/jvm/java-6-openjdk-i386/jre/lib/i386/client/libjvm.so
b4d63000-b4d64000 ---p 00514000 08:06 35786009   /usr/lib/jvm/java-6-openjdk-i386/jre/lib/i386/client/libjvm.so
b4d64000-b4d7b000 r--p 00514000 08:06 35786009   /usr/lib/jvm/java-6-openjdk-i386/jre/lib/i386/client/libjvm.so
b4d7b000-b4d88000 rw-p 0052b000 08:06 35786009   /usr/lib/jvm/java-6-openjdk-i386/jre/lib/i386/client/libjvm.so
b4d88000-b51a0000 rw-p 00000000 00:00 0 
b51a0000-b5200000 rw-s 00000000 00:04 1933315    /SYSV00000000 (deleted)
b5200000-b5221000 rw-p 00000000 00:00 0 
b5221000-b5300000 ---p 00000000 00:00 0 
b5300000-b5301000 r--s 00007000 08:06 32647155   /usr/share/java/java-atk-wrapper.jar
b5301000-b5303000 r--s 0000f000 08:06 35263367   /usr/lib/jvm/java-6-openjdk-common/jre/lib/ext/pulse-java.jar
b5303000-b5306000 r--s 00077000 08:06 35263370   /usr/lib/jvm/java-6-openjdk-common/jre/lib/ext/localedata.jar
b5306000-b5309000 r--s 00031000 08:06 35263366   /usr/lib/jvm/java-6-openjdk-common/jre/lib/ext/sunjce_provider.jar
b5309000-b5325000 r-xp 00000000 08:06 6292404    /lib/i386-linux-gnu/libgcc_s.so.1
b5325000-b5326000 r--p 0001b000 08:06 6292404    /lib/i386-linux-gnu/libgcc_s.so.1
b5326000-b5327000 rw-p 0001c000 08:06 6292404    /lib/i386-linux-gnu/libgcc_s.so.1
b5327000-b532b000 r--s 00039000 08:06 35263368   /usr/lib/jvm/java-6-openjdk-common/jre/lib/ext/sunpkcs11.jar
b532b000-b5332000 rw-p 00000000 00:00 0 
b5332000-b5339000 r-xp 00000000 08:06 35786003   /usr/lib/jvm/java-6-openjdk-i386/jre/lib/i386/libzip.so
b5339000-b533a000 r--p 00006000 08:06 35786003   /usr/lib/jvm/java-6-openjdk-i386/jre/lib/i386/libzip.so
b533a000-b533b000 rw-p 00007000 08:06 35786003   /usr/lib/jvm/java-6-openjdk-i386/jre/lib/i386/libzip.so
b533b000-b5343000 rw-s 00000000 08:06 20710872   /tmp/hsperfdata_shruti/5303
b5343000-b53a6000 rw-p 00000000 00:00 0 
b53a6000-b53c2000 r--s 00000000 08:06 32642944   /usr/share/mime/mime.cache
b53c2000-b53c8000 r-xp 00000000 08:06 32248664   /usr/lib/i386-linux-gnu/libogg.so.0.7.1
b53c8000-b53c9000 r--p 00005000 08:06 32248664   /usr/lib/i386-linux-gnu/libogg.so.0.7.1
b53c9000-b53ca000 rw-p 00006000 08:06 32248664   /usr/lib/i386-linux-gnu/libogg.so.0.7.1
b53ca000-b53f3000 r-xp 00000000 08:06 32248822   /usr/lib/i386-linux-gnu/libvorbis.so.0.4.5
b53f3000-b53f4000 r--p 00028000 08:06 32248822   /usr/lib/i386-linux-gnu/libvorbis.so.0.4.5
b53f4000-b53f5000 rw-p 00029000 08:06 32248822   /usr/lib/i386-linux-gnu/libvorbis.so.0.4.5
b53f5000-b53fd000 r-xp 00000000 08:06 32248621   /usr/lib/i386-linux-gnu/libltdl.so.7.3.0
b53fd000-b53fe000 r--p 00008000 08:06 32248621   /usr/lib/i386-linux-gnu/libltdl.so.7.3.0
b53fe000-b53ff000 rw-p 00009000 08:06 32248621   /usr/lib/i386-linux-gnu/libltdl.so.7.3.0
b53ff000-b5400000 ---p 00000000 00:00 0 
b5400000-b5c00000 rw-p 00000000 00:00 0 
b5c00000-b5c21000 rw-p 00000000 00:00 0 
b5c21000-b5d00000 ---p 00000000 00:00 0 
b5d00000-b5d01000 r--s 00590000 08:06 39117177   /home/shruti/.eclipse/org.eclipse.platform_3.7.0_155965261/plugins/com.android.ide.eclipse.base_22.0.1.v201305230001--685705.jar
b5d01000-b5d12000 r-xp 00000000 08:06 32248789   /usr/lib/i386-linux-gnu/libtdb.so.1.2.9
b5d12000-b5d13000 r--p 00010000 08:06 32248789   /usr/lib/i386-linux-gnu/libtdb.so.1.2.9
b5d13000-b5d14000 rw-p 00011000 08:06 32248789   /usr/lib/i386-linux-gnu/libtdb.so.1.2.9
b5d14000-b5d1c000 r-xp 00000000 08:06 32248826   /usr/lib/i386-linux-gnu/libvorbisfile.so.3.3.4
b5d1c000-b5d1d000 r--p 00007000 08:06 32248826   /usr/lib/i386-linux-gnu/libvorbisfile.so.3.3.4
b5d1d000-b5d1e000 rw-p 00008000 08:06 32248826   /usr/lib/i386-linux-gnu/libvorbisfile.so.3.3.4
b5d1e000-b5d2d000 r-xp 00000000 08:06 32248359   /usr/lib/i386-linux-gnu/libcanberra.so.0.2.5
b5d2d000-b5d2e000 r--p 0000e000 08:06 32248359   /usr/lib/i386-linux-gnu/libcanberra.so.0.2.5
b5d2e000-b5d2f000 rw-p 0000f000 08:06 32248359   /usr/lib/i386-linux-gnu/libcanberra.so.0.2.5
b5d2f000-b5d33000 r-xp 00000000 08:06 32248355   /usr/lib/i386-linux-gnu/libcanberra-gtk.so.0.1.8
b5d33000-b5d34000 r--p 00003000 08:06 32248355   /usr/lib/i386-linux-gnu/libcanberra-gtk.so.0.1.8
b5d34000-b5d35000 rw-p 00004000 08:06 32248355   /usr/lib/i386-linux-gnu/libcanberra-gtk.so.0.1.8
b5d35000-b5d36000 r--s 0000a000 08:06 35915521   /usr/lib/eclipse/plugins/org.eclipse.equinox.launcher_1.2.0.dist.jar
b5d36000-b5d3d000 rw-p 00000000 00:00 0 
b5d3d000-b5d48000 r-xp 00000000 08:06 35786032   /usr/lib/jvm/java-6-openjdk-i386/jre/lib/i386/libverify.so
b5d48000-b5d49000 ---p 0000b000 08:06 35786032   /usr/lib/jvm/java-6-openjdk-i386/jre/lib/i386/libverify.so
b5d49000-b5d4a000 r--p 0000b000 08:06 35786032   /usr/lib/jvm/java-6-openjdk-i386/jre/lib/i386/libverify.so
b5d4a000-b5d4b000 rw-p 0000c000 08:06 35786032   /usr/lib/jvm/java-6-openjdk-i386/jre/lib/i386/libverify.so
b5d4b000-b5d4e000 r-xp 00000000 08:06 32249180   /usr/lib/i386-linux-gnu/gdk-pixbuf-2.0/2.10.0/loaders/libpixbufloader-bmp.so
b5d4e000-b5d4f000 r--p 00002000 08:06 32249180   /usr/lib/i386-linux-gnu/gdk-pixbuf-2.0/2.10.0/loaders/libpixbufloader-bmp.so
b5d4f000-b5d50000 rw-p 00003000 08:06 32249180   /usr/lib/i386-linux-gnu/gdk-pixbuf-2.0/2.10.0/loaders/libpixbufloader-bmp.so
b5d50000-b5d51000 r--p 00000000 00:00 0 
b5d51000-b5d56000 r-xp 00000000 08:06 32249357   /usr/lib/i386-linux-gnu/gtk-2.0/modules/libcanberra-gtk-module.so
b5d56000-b5d57000 r--p 00004000 08:06 32249357   /usr/lib/i386-linux-gnu/gtk-2.0/modules/libcanberra-gtk-module.so
b5d57000-b5d58000 rw-p 00005000 08:06 32249357   /usr/lib/i386-linux-gnu/gtk-2.0/modules/libcanberra-gtk-module.so
b5d58000-b5d8d000 r-xp 00000000 08:06 32249336   /usr/lib/i386-linux-gnu/gtk-2.0/2.10.0/engines/libmurrine.so
b5d8d000-b5d8e000 r--p 00034000 08:06 32249336   /usr/lib/i386-linux-gnu/gtk-2.0/2.10.0/engines/libmurrine.so
b5d8e000-b5d8f000 rw-p 00035000 08:06 32249336   /usr/lib/i386-linux-gnu/gtk-2.0/2.10.0/engines/libmurrine.so
b5d8f000-b5d90000 ---p 00000000 00:00 0 
b5d90000-b6590000 rw-p 00000000 00:00 0 
b6590000-b6594000 r--p 00000000 08:06 39120058   /home/shruti/.config/dconf/user
b6594000-b65b9000 r--p 00000000 08:06 33163807   /usr/share/glib-2.0/schemas/gschemas.compiled
b65b9000-b65c4000 r-xp 00000000 08:06 6291587    /lib/i386-linux-gnu/libnss_files-2.15.so
b65c4000-b65c5000 r--p 0000a000 08:06 6291587    /lib/i386-linux-gnu/libnss_files-2.15.so
b65c5000-b65c6000 rw-p 0000b000 08:06 6291587    /lib/i386-linux-gnu/libnss_files-2.15.so
b65c6000-b65d0000 r-xp 00000000 08:06 6291592    /lib/i386-linux-gnu/libnss_nis-2.15.so
b65d0000-b65d1000 r--p 00009000 08:06 6291592    /lib/i386-linux-gnu/libnss_nis-2.15.so
b65d1000-b65d2000 rw-p 0000a000 08:06 6291592    /lib/i386-linux-gnu/libnss_nis-2.15.so
b65d2000-b65e8000 r-xp 00000000 08:06 6295397    /lib/i386-linux-gnu/libnsl-2.15.so
b65e8000-b65e9000 r--p 00015000 08:06 6295397    /lib/i386-linux-gnu/libnsl-2.15.so
b65e9000-b65ea000 rw-p 00016000 08:06 6295397    /lib/i386-linux-gnu/libnsl-2.15.so
b65ea000-b65ec000 rw-p 00000000 00:00 0 
b65ec000-b65f3000 r-xp 00000000 08:06 6291583    /lib/i386-linux-gnu/libnss_compat-2.15.so
b65f3000-b65f4000 r--p 00006000 08:06 6291583    /lib/i386-linux-gnu/libnss_compat-2.15.so
b65f4000-b65f5000 rw-p 00007000 08:06 6291583    /lib/i386-linux-gnu/libnss_compat-2.15.so
b65f5000-b6612000 r-xp 00000000 08:06 32248313   /usr/lib/i386-linux-gnu/libatk-1.0.so.0.20409.1
b6612000-b6614000 r--p 0001c000 08:06 32248313   /usr/lib/i386-linux-gnu/libatk-1.0.so.0.20409.1
b6614000-b6615000 rw-p 0001e000 08:06 32248313   /usr/lib/i386-linux-gnu/libatk-1.0.so.0.20409.1
b6615000-b6a75000 r-xp 00000000 08:06 32248559   /usr/lib/i386-linux-gnu/libgtk-x11-2.0.so.0.2400.10
b6a75000-b6a79000 r--p 00460000 08:06 32248559   /usr/lib/i386-linux-gnu/libgtk-x11-2.0.so.0.2400.10
b6a79000-b6a7b000 rw-p 00464000 08:06 32248559   /usr/lib/i386-linux-gnu/libgtk-x11-2.0.so.0.2400.10
b6a7b000-b6a7d000 rw-p 00000000 00:00 0 
b6a7d000-b6a82000 r-xp 00000000 08:06 32248265   /usr/lib/i386-linux-gnu/libXdmcp.so.6.0.0
b6a82000-b6a83000 r--p 00004000 08:06 32248265   /usr/lib/i386-linux-gnu/libXdmcp.so.6.0.0
b6a83000-b6a84000 rw-p 00005000 08:06 32248265   /usr/lib/i386-linux-gnu/libXdmcp.so.6.0.0
b6a84000-b6a86000 r-xp 00000000 08:06 32248254   /usr/lib/i386-linux-gnu/libXau.so.6.0.0
b6a86000-b6a87000 r--p 00001000 08:06 32248254   /usr/lib/i386-linux-gnu/libXau.so.6.0.0
b6a87000-b6a88000 rw-p 00002000 08:06 32248254   /usr/lib/i386-linux-gnu/libXau.so.6.0.0
b6a88000-b6aa7000 r-xp 00000000 08:06 32245509   /usr/lib/i386-linux-gnu/libxcb.so.1.1.0
b6aa7000-b6aa8000 r--p 0001f000 08:06 32245509   /usr/lib/i386-linux-gnu/libxcb.so.1.1.0
b6aa8000-b6aa9000 rw-p 00020000 08:06 32245509   /usr/lib/i386-linux-gnu/libxcb.so.1.1.0
b6aa9000-b6ab1000 r-xp 00000000 08:06 32245511   /usr/lib/i386-linux-gnu/libxcb-render.so.0.0.0
b6ab1000-b6ab2000 r--p 00008000 08:06 32245511   /usr/lib/i386-linux-gnu/libxcb-render.so.0.0.0
b6ab2000-b6ab3000 rw-p 00009000 08:06 32245511   /usr/lib/i386-linux-gnu/libxcb-render.so.0.0.0
b6ab3000-b6ab5000 r-xp 00000000 08:06 32245513   /usr/lib/i386-linux-gnu/libxcb-shm.so.0.0.0
b6ab5000-b6ab6000 r--p 00001000 08:06 32245513   /usr/lib/i386-linux-gnu/libxcb-shm.so.0.0.0
b6ab6000-b6ab7000 rw-p 00002000 08:06 32245513   /usr/lib/i386-linux-gnu/libxcb-shm.so.0.0.0
b6ab7000-b6adf000 r-xp 00000000 08:06 6292460    /lib/i386-linux-gnu/libpng12.so.0.46.0
b6adf000-b6ae0000 r--p 00027000 08:06 6292460    /lib/i386-linux-gnu/libpng12.so.0.46.0
b6ae0000-b6ae1000 rw-p 00028000 08:06 6292460    /lib/i386-linux-gnu/libpng12.so.0.46.0
b6ae1000-b6b74000 r-xp 00000000 08:06 32248696   /usr/lib/i386-linux-gnu/libpixman-1.so.0.24.4
b6b74000-b6b78000 r--p 00092000 08:06 32248696   /usr/lib/i386-linux-gnu/libpixman-1.so.0.24.4
b6b78000-b6b79000 rw-p 00096000 08:06 32248696   /usr/lib/i386-linux-gnu/libpixman-1.so.0.24.4
b6b79000-b6b9f000 r-xp 00000000 08:06 6291482    /lib/i386-linux-gnu/libexpat.so.1.5.2
b6b9f000-b6ba0000 ---p 00026000 08:06 6291482    /lib/i386-linux-gnu/libexpat.so.1.5.2
b6ba0000-b6ba2000 r--p 00026000 08:06 6291482    /lib/i386-linux-gnu/libexpat.so.1.5.2
b6ba2000-b6ba3000 rw-p 00028000 08:06 6291482    /lib/i386-linux-gnu/libexpat.so.1.5.2
b6ba3000-b6bb6000 r-xp 00000000 08:06 6291589    /lib/i386-linux-gnu/libresolv-2.15.so
b6bb6000-b6bb7000 ---p 00013000 08:06 6291589    /lib/i386-linux-gnu/libresolv-2.15.so
b6bb7000-b6bb8000 r--p 00013000 08:06 6291589    /lib/i386-linux-gnu/libresolv-2.15.so
b6bb8000-b6bb9000 rw-p 00014000 08:06 6291589    /lib/i386-linux-gnu/libresolv-2.15.so
b6bb9000-b6bbb000 rw-p 00000000 00:00 0 
b6bbb000-b6bd8000 r-xp 00000000 08:06 6292471    /lib/i386-linux-gnu/libselinux.so.1
b6bd8000-b6bd9000 r--p 0001c000 08:06 6292471    /lib/i386-linux-gnu/libselinux.so.1
b6bd9000-b6bda000 rw-p 0001d000 08:06 6292471    /lib/i386-linux-gnu/libselinux.so.1
b6bda000-b6bee000 r-xp 00000000 08:06 6292494    /lib/i386-linux-gnu/libz.so.1.2.3.4
b6bee000-b6bef000 r--p 00013000 08:06 6292494    /lib/i386-linux-gnu/libz.so.1.2.3.4
b6bef000-b6bf0000 rw-p 00014000 08:06 6292494    /lib/i386-linux-gnu/libz.so.1.2.3.4
b6bf0000-b6bf3000 r-xp 00000000 08:06 32247263   /usr/lib/i386-linux-gnu/libgmodule-2.0.so.0.3200.3
b6bf3000-b6bf4000 r--p 00002000 08:06 32247263   /usr/lib/i386-linux-gnu/libgmodule-2.0.so.0.3200.3
b6bf4000-b6bf5000 rw-p 00003000 08:06 32247263   /usr/lib/i386-linux-gnu/libgmodule-2.0.so.0.3200.3
b6bf5000-b6c8a000 r-xp 00000000 08:06 32245506   /usr/lib/i386-linux-gnu/libfreetype.so.6.8.0
b6c8a000-b6c8e000 r--p 00094000 08:06 32245506   /usr/lib/i386-linux-gnu/libfreetype.so.6.8.0
b6c8e000-b6c8f000 rw-p 00098000 08:06 32245506   /usr/lib/i386-linux-gnu/libfreetype.so.6.8.0
b6c8f000-b6cb9000 r-xp 00000000 08:06 32243946   /usr/lib/i386-linux-gnu/libpangoft2-1.0.so.0.3000.0
b6cb9000-b6cba000 r--p 00029000 08:06 32243946   /usr/lib/i386-linux-gnu/libpangoft2-1.0.so.0.3000.0
b6cba000-b6cbb000 rw-p 0002a000 08:06 32243946   /usr/lib/i386-linux-gnu/libpangoft2-1.0.so.0.3000.0
b6cbb000-b6ce5000 r-xp 00000000 08:06 6292541    /lib/i386-linux-gnu/libm-2.15.so
b6ce5000-b6ce6000 r--p 00029000 08:06 6292541    /lib/i386-linux-gnu/libm-2.15.so
b6ce6000-b6ce7000 rw-p 0002a000 08:06 6292541    /lib/i386-linux-gnu/libm-2.15.so
b6ce7000-b6e17000 r-xp 00000000 08:06 32248252   /usr/lib/i386-linux-gnu/libX11.so.6.3.0
b6e17000-b6e18000 r--p 0012f000 08:06 32248252   /usr/lib/i386-linux-gnu/libX11.so.6.3.0
b6e18000-b6e1a000 rw-p 00130000 08:06 32248252   /usr/lib/i386-linux-gnu/libX11.so.6.3.0
b6e1a000-b6e1b000 rw-p 00000000 00:00 0 
b6e1b000-b6ee2000 r-xp 00000000 08:06 32245515   /usr/lib/i386-linux-gnu/libcairo.so.2.11000.2
b6ee2000-b6ee3000 r--p 000c7000 08:06 32245515   /usr/lib/i386-linux-gnu/libcairo.so.2.11000.2
b6ee3000-b6ee4000 rw-p 000c8000 08:06 32245515   /usr/lib/i386-linux-gnu/libcairo.so.2.11000.2
b6ee4000-b6ee6000 rw-p 00000000 00:00 0 
b6ee6000-b6eea000 r-xp 00000000 08:06 32248269   /usr/lib/i386-linux-gnu/libXfixes.so.3.1.0
b6eea000-b6eeb000 r--p 00004000 08:06 32248269   /usr/lib/i386-linux-gnu/libXfixes.so.3.1.0
b6eeb000-b6eec000 rw-p 00005000 08:06 32248269   /usr/lib/i386-linux-gnu/libXfixes.so.3.1.0
b6eec000-b6eee000 r-xp 00000000 08:06 32248263   /usr/lib/i386-linux-gnu/libXdamage.so.1.1.0
b6eee000-b6eef000 r--p 00001000 08:06 32248263   /usr/lib/i386-linux-gnu/libXdamage.so.1.1.0
b6eef000-b6ef0000 rw-p 00002000 08:06 32248263   /usr/lib/i386-linux-gnu/libXdamage.so.1.1.0
b6ef0000-b6ef2000 r-xp 00000000 08:06 32248259   /usr/lib/i386-linux-gnu/libXcomposite.so.1.0.0
b6ef2000-b6ef3000 r--p 00001000 08:06 32248259   /usr/lib/i386-linux-gnu/libXcomposite.so.1.0.0
b6ef3000-b6ef4000 rw-p 00002000 08:06 32248259   /usr/lib/i386-linux-gnu/libXcomposite.so.1.0.0
b6ef4000-b6efd000 r-xp 00000000 08:06 32248261   /usr/lib/i386-linux-gnu/libXcursor.so.1.0.2
b6efd000-b6efe000 r--p 00008000 08:06 32248261   /usr/lib/i386-linux-gnu/libXcursor.so.1.0.2
b6efe000-b6eff000 rw-p 00009000 08:06 32248261   /usr/lib/i386-linux-gnu/libXcursor.so.1.0.2
b6eff000-b6f06000 r-xp 00000000 08:06 32254035   /usr/lib/i386-linux-gnu/libXrandr.so.2.2.0
b6f06000-b6f07000 r--p 00006000 08:06 32254035   /usr/lib/i386-linux-gnu/libXrandr.so.2.2.0
b6f07000-b6f08000 rw-p 00007000 08:06 32254035   /usr/lib/i386-linux-gnu/libXrandr.so.2.2.0
b6f08000-b6f16000 r-xp 00000000 08:06 32248273   /usr/lib/i386-linux-gnu/libXi.so.6.1.0
b6f16000-b6f17000 r--p 0000d000 08:06 32248273   /usr/lib/i386-linux-gnu/libXi.so.6.1.0
b6f17000-b6f18000 rw-p 0000e000 08:06 32248273   /usr/lib/i386-linux-gnu/libXi.so.6.1.0
b6f18000-b6f20000 r-xp 00000000 08:06 32248287   /usr/lib/i386-linux-gnu/libXrender.so.1.3.0
b6f20000-b6f21000 r--p 00007000 08:06 32248287   /usr/lib/i386-linux-gnu/libXrender.so.1.3.0
b6f21000-b6f22000 rw-p 00008000 08:06 32248287   /usr/lib/i386-linux-gnu/libXrender.so.1.3.0
b6f22000-b6f32000 r-xp 00000000 08:06 32248267   /usr/lib/i386-linux-gnu/libXext.so.6.4.0
b6f32000-b6f33000 r--p 0000f000 08:06 32248267   /usr/lib/i386-linux-gnu/libXext.so.6.4.0
b6f33000-b6f34000 rw-p 00010000 08:06 32248267   /usr/lib/i386-linux-gnu/libXext.so.6.4.0
b6f34000-b6f66000 r-xp 00000000 08:06 32244298   /usr/lib/i386-linux-gnu/libfontconfig.so.1.4.4
b6f66000-b6f67000 r--p 00032000 08:06 32244298   /usr/lib/i386-linux-gnu/libfontconfig.so.1.4.4
b6f67000-b6f68000 rw-p 00033000 08:06 32244298   /usr/lib/i386-linux-gnu/libfontconfig.so.1.4.4
b6f68000-b70bb000 r-xp 00000000 08:06 32247262   /usr/lib/i386-linux-gnu/libgio-2.0.so.0.3200.3
b70bb000-b70bd000 r--p 00153000 08:06 32247262   /usr/lib/i386-linux-gnu/libgio-2.0.so.0.3200.3
b70bd000-b70be000 rw-p 00155000 08:06 32247262   /usr/lib/i386-linux-gnu/libgio-2.0.so.0.3200.3
b70be000-b70bf000 rw-p 00000000 00:00 0 
b70bf000-b70de000 r-xp 00000000 08:06 32248466   /usr/lib/i386-linux-gnu/libgdk_pixbuf-2.0.so.0.2600.1
b70de000-b70df000 r--p 0001e000 08:06 32248466   /usr/lib/i386-linux-gnu/libgdk_pixbuf-2.0.so.0.2600.1
b70df000-b70e0000 rw-p 0001f000 08:06 32248466   /usr/lib/i386-linux-gnu/libgdk_pixbuf-2.0.so.0.2600.1
b70e0000-b7127000 r-xp 00000000 08:06 32243836   /usr/lib/i386-linux-gnu/libpango-1.0.so.0.3000.0
b7127000-b7128000 ---p 00047000 08:06 32243836   /usr/lib/i386-linux-gnu/libpango-1.0.so.0.3000.0
b7128000-b7129000 r--p 00047000 08:06 32243836   /usr/lib/i386-linux-gnu/libpango-1.0.so.0.3000.0
b7129000-b712a000 rw-p 00048000 08:06 32243836   /usr/lib/i386-linux-gnu/libpango-1.0.so.0.3000.0
b712a000-b7135000 r-xp 00000000 08:06 32243945   /usr/lib/i386-linux-gnu/libpangocairo-1.0.so.0.3000.0
b7135000-b7136000 r--p 0000a000 08:06 32243945   /usr/lib/i386-linux-gnu/libpangocairo-1.0.so.0.3000.0
b7136000-b7137000 rw-p 0000b000 08:06 32243945   /usr/lib/i386-linux-gnu/libpangocairo-1.0.so.0.3000.0
b7137000-b71e2000 r-xp 00000000 08:06 32248464   /usr/lib/i386-linux-gnu/libgdk-x11-2.0.so.0.2400.10
b71e2000-b71e3000 ---p 000ab000 08:06 32248464   /usr/lib/i386-linux-gnu/libgdk-x11-2.0.so.0.2400.10
b71e3000-b71e5000 r--p 000ab000 08:06 32248464   /usr/lib/i386-linux-gnu/libgdk-x11-2.0.so.0.2400.10
b71e5000-b71e6000 rw-p 000ad000 08:06 32248464   /usr/lib/i386-linux-gnu/libgdk-x11-2.0.so.0.2400.10
b71e6000-b71ed000 r-xp 00000000 08:06 6291591    /lib/i386-linux-gnu/librt-2.15.so
b71ed000-b71ee000 r--p 00006000 08:06 6291591    /lib/i386-linux-gnu/librt-2.15.so
b71ee000-b71ef000 rw-p 00007000 08:06 6291591    /lib/i386-linux-gnu/librt-2.15.so
b71ef000-b7229000 r-xp 00000000 08:06 6292456    /lib/i386-linux-gnu/libpcre.so.3.12.1
b7229000-b722a000 r--p 00039000 08:06 6292456    /lib/i386-linux-gnu/libpcre.so.3.12.1
b722a000-b722b000 rw-p 0003a000 08:06 6292456    /lib/i386-linux-gnu/libpcre.so.3.12.1
b722b000-b7322000 r-xp 00000000 08:06 6292367    /lib/i386-linux-gnu/libglib-2.0.so.0.3200.3
b7322000-b7323000 r--p 000f6000 08:06 6292367    /lib/i386-linux-gnu/libglib-2.0.so.0.3200.3
b7323000-b7324000 rw-p 000f7000 08:06 6292367    /lib/i386-linux-gnu/libglib-2.0.so.0.3200.3
b7324000-b7371000 r-xp 00000000 08:06 32247264   /usr/lib/i386-linux-gnu/libgobject-2.0.so.0.3200.3
b7371000-b7372000 r--p 0004c000 08:06 32247264   /usr/lib/i386-linux-gnu/libgobject-2.0.so.0.3200.3
b7372000-b7373000 rw-p 0004d000 08:06 32247264   /usr/lib/i386-linux-gnu/libgobject-2.0.so.0.3200.3
b7373000-b7374000 r--s 00000000 08:06 39120256   /home/shruti/.cache/dconf/user
b7374000-b737b000 r-xp 00000000 08:06 32247257   /usr/lib/i386-linux-gnu/gio/modules/libdconfsettings.so
b737b000-b737c000 r--p 00006000 08:06 32247257   /usr/lib/i386-linux-gnu/gio/modules/libdconfsettings.so
b737c000-b737d000 rw-p 00007000 08:06 32247257   /usr/lib/i386-linux-gnu/gio/modules/libdconfsettings.so
b737d000-b738d000 r-xp 00000000 08:06 32246771   /usr/lib/liboverlay-scrollbar-0.2.so.0.0.16
b738d000-b738e000 r--p 0000f000 08:06 32246771   /usr/lib/liboverlay-scrollbar-0.2.so.0.0.16
b738e000-b738f000 rw-p 00010000 08:06 32246771   /usr/lib/liboverlay-scrollbar-0.2.so.0.0.16
b738f000-b758f000 r--p 00000000 08:06 32250464   /usr/lib/locale/locale-archive
b758f000-b7590000 rw-p 00000000 00:00 0 
b7590000-b7733000 r-xp 00000000 08:06 6291521    /lib/i386-linux-gnu/libc-2.15.so
b7733000-b7734000 ---p 001a3000 08:06 6291521    /lib/i386-linux-gnu/libc-2.15.so
b7734000-b7736000 r--p 001a3000 08:06 6291521    /lib/i386-linux-gnu/libc-2.15.so
b7736000-b7737000 rw-p 001a5000 08:06 6291521    /lib/i386-linux-gnu/libc-2.15.so
b7737000-b773b000 rw-p 00000000 00:00 0 
b773b000-b773e000 r-xp 00000000 08:06 6295249    /lib/i386-linux-gnu/libdl-2.15.so
b773e000-b773f000 r--p 00002000 08:06 6295249    /lib/i386-linux-gnu/libdl-2.15.so
b773f000-b7740000 rw-p 00003000 08:06 6295249    /lib/i386-linux-gnu/libdl-2.15.so
b7740000-b7757000 r-xp 00000000 08:06 6292539    /lib/i386-linux-gnu/libpthread-2.15.so
b7757000-b7758000 r--p 00016000 08:06 6292539    /lib/i386-linux-gnu/libpthread-2.15.so
b7758000-b7759000 rw-p 00017000 08:06 6292539    /lib/i386-linux-gnu/libpthread-2.15.so
b7759000-b775b000 rw-p 00000000 00:00 0 
b775b000-b775d000 r-xp 00000000 08:06 32248275   /usr/lib/i386-linux-gnu/libXinerama.so.1.0.0
b775d000-b775e000 r--p 00001000 08:06 32248275   /usr/lib/i386-linux-gnu/libXinerama.so.1.0.0
b775e000-b775f000 rw-p 00002000 08:06 32248275   /usr/lib/i386-linux-gnu/libXinerama.so.1.0.0
b775f000-b7764000 r-xp 00000000 08:06 32248439   /usr/lib/i386-linux-gnu/libffi.so.6.0.0
b7764000-b7765000 r--p 00004000 08:06 32248439   /usr/lib/i386-linux-gnu/libffi.so.6.0.0
b7765000-b7766000 rw-p 00005000 08:06 32248439   /usr/lib/i386-linux-gnu/libffi.so.6.0.0
b7766000-b7774000 r-xp 00000000 08:06 35915518   /usr/lib/eclipse/plugins/org.eclipse.equinox.launcher.gtk.linux.x86_1.1.100.dist/eclipse_1408.so
b7774000-b7775000 r--p 0000d000 08:06 35915518   /usr/lib/eclipse/plugins/org.eclipse.equinox.launcher.gtk.linux.x86_1.1.100.dist/eclipse_1408.so
b7775000-b7776000 rw-p 0000e000 08:06 35915518   /usr/lib/eclipse/plugins/org.eclipse.equinox.launcher.gtk.linux.x86_1.1.100.dist/eclipse_1408.so
b7776000-b7777000 r--p 00858000 08:06 32250464   /usr/lib/locale/locale-archive
b7777000-b7779000 rw-p 00000000 00:00 0 
b7779000-b777a000 r-xp 00000000 00:00 0          [vdso]
b777a000-b779a000 r-xp 00000000 08:06 6292542    /lib/i386-linux-gnu/ld-2.15.so
b779a000-b779b000 r--p 0001f000 08:06 6292542    /lib/i386-linux-gnu/ld-2.15.so
b779b000-b779c000 rw-p 00020000 08:06 6292542    /lib/i386-linux-gnu/ld-2.15.so
bfac2000-bfac5000 ---p 00000000 00:00 0 
bfac6000-bfb12000 rw-p 00000000 00:00 0          [stack]

VM Arguments:
jvm_args: -Xms40m -Xmx384m -Dorg.eclipse.equinox.p2.reconciler.dropins.directory=/usr/share/eclipse/dropins -XX:MaxPermSize=256m 
java_command: <unknown>
Launcher Type: generic

Environment Variables:
PATH=/home/shruti/Downloads/android-ndk-r8d:/home/shruti/Documents/shruti1:/home/shruti/Development/android-sdk-linux/platform-tools:/home/shruti/Development/android-sdk-linux/tools:/home/shruti/Downloads/android-ndk-r8d:/home/shruti/Documents/shruti1:/home/shruti/Development/android-sdk-linux/platform-tools:/home/shruti/Development/android-sdk-linux/tools:/usr/lib/lightdm/lightdm:/usr/local/sbin:/usr/local/bin:/usr/sbin:/usr/bin:/sbin:/bin:/usr/games
LD_LIBRARY_PATH=/usr/lib/jvm/java-6-openjdk-i386/jre/lib/i386/client:/usr/lib/jvm/java-6-openjdk-i386/jre/lib/i386:
SHELL=/bin/bash
DISPLAY=:0.0

Signal Handlers:
SIGSEGV: [libjvm.so+0x3e4760], sa_mask[0]=0x7ffbfeff, sa_flags=0x10000004
SIGBUS: [libjvm.so+0x3e4760], sa_mask[0]=0x7ffbfeff, sa_flags=0x10000004
SIGFPE: [libjvm.so+0x301730], sa_mask[0]=0x7ffbfeff, sa_flags=0x10000004
SIGPIPE: SIG_IGN, sa_mask[0]=0x00001000, sa_flags=0x10000000
SIGXFSZ: [libjvm.so+0x301730], sa_mask[0]=0x7ffbfeff, sa_flags=0x10000004
SIGILL: [libjvm.so+0x301730], sa_mask[0]=0x7ffbfeff, sa_flags=0x10000004
SIGUSR1: SIG_DFL, sa_mask[0]=0x00000000, sa_flags=0x00000000
SIGUSR2: [libjvm.so+0x3015c0], sa_mask[0]=0x00000000, sa_flags=0x10000004
SIGHUP: [libjvm.so+0x304660], sa_mask[0]=0x7ffbfeff, sa_flags=0x10000004
SIGINT: [libjvm.so+0x304660], sa_mask[0]=0x7ffbfeff, sa_flags=0x10000004
SIGTERM: [libjvm.so+0x304660], sa_mask[0]=0x7ffbfeff, sa_flags=0x10000004
SIGQUIT: [libjvm.so+0x304660], sa_mask[0]=0x7ffbfeff, sa_flags=0x10000004


---------------  S Y S T E M  ---------------

OS:Ubuntu 12.04 (precise)
uname:Linux 3.2.0-38-generic-pae #61-Ubuntu SMP Tue Feb 19 12:39:51 UTC 2013 i686
libc:glibc 2.15 NPTL 2.15 
rlimit: STACK 8192k, CORE 0k, NPROC 31828, NOFILE 4096, AS infinity
load average:0.50 0.35 0.33

/proc/meminfo:
MemTotal:        4088604 kB
MemFree:         1539856 kB
Buffers:          172312 kB
Cached:          1114124 kB
SwapCached:            0 kB
Active:          1446720 kB
Inactive:         811400 kB
Active(anon):     973272 kB
Inactive(anon):     5784 kB
Active(file):     473448 kB
Inactive(file):   805616 kB
Unevictable:          16 kB
Mlocked:              16 kB
HighTotal:       3250952 kB
HighFree:         988024 kB
LowTotal:         837652 kB
LowFree:          551832 kB
SwapTotal:       4161532 kB
SwapFree:        4161532 kB
Dirty:               680 kB
Writeback:             0 kB
AnonPages:        972204 kB
Mapped:           272024 kB
Shmem:              7180 kB
Slab:              82872 kB
SReclaimable:      54712 kB
SUnreclaim:        28160 kB
KernelStack:        4184 kB
PageTables:        10752 kB
NFS_Unstable:          0 kB
Bounce:                0 kB
WritebackTmp:          0 kB
CommitLimit:     6205832 kB
Committed_AS:    3836368 kB
VmallocTotal:     122880 kB
VmallocUsed:       30352 kB
VmallocChunk:      86376 kB
HardwareCorrupted:     0 kB
AnonHugePages:         0 kB
HugePages_Total:       0
HugePages_Free:        0
HugePages_Rsvd:        0
HugePages_Surp:        0
Hugepagesize:       2048 kB
DirectMap4k:        8184 kB
DirectMap2M:      905216 kB


CPU:total 8 (4 cores per cpu, 2 threads per core) family 6 model 58 stepping 9, cmov, cx8, fxsr, mmx, sse, sse2, sse3, ssse3, sse4.1, sse4.2, popcnt, ht

Memory: 4k page, physical 4088604k(1539856k free), swap 4161532k(4161532k free)

vm_info: OpenJDK Client VM (20.0-b12) for linux-x86 JRE (1.6.0_27-b27), built on Mar  5 2013 00:37:30 by "buildd" with gcc 4.6.3

time: Thu Jul 18 20:23:29 2013
elapsed time: 18 seconds

